# JRE version: Java(TM) SE Runtime Environment (7.0_40-b43) (build 1.7.0_40-b43)
# Java VM: Java HotSpot(TM) 64-Bit Server VM (24.0-b56 mixed mode linux-amd64 compressed oops)
Heap
 PSYoungGen      total 240640K, used 222675K [0x00000000f0000000, 0x00000000fff80000, 0x0000000100000000)
  eden space 220672K, 100% used [0x00000000f0000000,0x00000000fd780000,0x00000000fd780000)
  from space 19968K, 10% used [0x00000000fec00000,0x00000000fedf4ce8,0x00000000fff80000)
  to   space 20480K, 5% used [0x00000000fd780000,0x00000000fd890000,0x00000000feb80000)
 ParOldGen       total 81920K, used 60403K [0x00000000d0000000, 0x00000000d5000000, 0x00000000f0000000)
  object space 81920K, 73% used [0x00000000d0000000,0x00000000d3afcf88,0x00000000d5000000)
 PSPermGen       total 64000K, used 33974K [0x00000000c0000000, 0x00000000c3e80000, 0x00000000d0000000)
  object space 64000K, 53% used [0x00000000c0000000,0x00000000c212d830,0x00000000c3e80000)
GC Heap History (10 events):
Event: 21.379 GC heap after
Heap after GC invocations=11 (full 0):
 PSYoungGen      total 224768K, used 9211K [0x00000000f0000000, 0x0000000100000000, 0x0000000100000000)
  eden space 215552K, 0% used [0x00000000f0000000,0x00000000f0000000,0x00000000fd280000)
  from space 9216K, 99% used [0x00000000fd280000,0x00000000fdb7ecd8,0x00000000fdb80000)
  to   space 13824K, 0% used [0x00000000ff280000,0x00000000ff280000,0x0000000100000000)
 ParOldGen       total 44032K, used 30624K [0x00000000d0000000, 0x00000000d2b00000, 0x00000000f0000000)
  object space 44032K, 69% used [0x00000000d0000000,0x00000000d1de82a0,0x00000000d2b00000)
 PSPermGen       total 32768K, used 27043K [0x00000000c0000000, 0x00000000c2000000, 0x00000000d0000000)
  object space 32768K, 82% used [0x00000000c0000000,0x00000000c1a68cf0,0x00000000c2000000)
}
Event: 42.009 GC heap before
{Heap before GC invocations=12 (full 0):
 PSYoungGen      total 224768K, used 224763K [0x00000000f0000000, 0x0000000100000000, 0x0000000100000000)
  eden space 215552K, 100% used [0x00000000f0000000,0x00000000fd280000,0x00000000fd280000)
  from space 9216K, 99% used [0x00000000fd280000,0x00000000fdb7ecd8,0x00000000fdb80000)
  to   space 13824K, 0% used [0x00000000ff280000,0x00000000ff280000,0x0000000100000000)
 ParOldGen       total 44032K, used 30624K [0x00000000d0000000, 0x00000000d2b00000, 0x00000000f0000000)
  object space 44032K, 69% used [0x00000000d0000000,0x00000000d1de82a0,0x00000000d2b00000)
 PSPermGen       total 32768K, used 31940K [0x00000000c0000000, 0x00000000c2000000, 0x00000000d0000000)
  object space 32768K, 97% used [0x00000000c0000000,0x00000000c1f31368,0x00000000c2000000)
Event: 42.077 GC heap after
Heap after GC invocations=12 (full 0):
 PSYoungGen      total 233984K, used 13792K [0x00000000f0000000, 0x0000000100000000, 0x0000000100000000)
  eden space 220160K, 0% used [0x00000000f0000000,0x00000000f0000000,0x00000000fd700000)
  from space 13824K, 99% used [0x00000000ff280000,0x00000000ffff8020,0x0000000100000000)
  to   space 20992K, 0% used [0x00000000fd700000,0x00000000fd700000,0x00000000feb80000)
 ParOldGen       total 46080K, used 45869K [0x00000000d0000000, 0x00000000d2d00000, 0x00000000f0000000)
  object space 46080K, 99% used [0x00000000d0000000,0x00000000d2ccb748,0x00000000d2d00000)
 PSPermGen       total 32768K, used 31940K [0x00000000c0000000, 0x00000000c2000000, 0x00000000d0000000)
  object space 32768K, 97% used [0x00000000c0000000,0x00000000c1f31368,0x00000000c2000000)
}
Event: 42.077 GC heap before
{Heap before GC invocations=13 (full 1):
 PSYoungGen      total 233984K, used 13792K [0x00000000f0000000, 0x0000000100000000, 0x0000000100000000)
  eden space 220160K, 0% used [0x00000000f0000000,0x00000000f0000000,0x00000000fd700000)
  from space 13824K, 99% used [0x00000000ff280000,0x00000000ffff8020,0x0000000100000000)
  to   space 20992K, 0% used [0x00000000fd700000,0x00000000fd700000,0x00000000feb80000)
 ParOldGen       total 46080K, used 45869K [0x00000000d0000000, 0x00000000d2d00000, 0x00000000f0000000)
  object space 46080K, 99% used [0x00000000d0000000,0x00000000d2ccb748,0x00000000d2d00000)
 PSPermGen       total 32768K, used 31940K [0x00000000c0000000, 0x00000000c2000000, 0x00000000d0000000)
  object space 32768K, 97% used [0x00000000c0000000,0x00000000c1f31368,0x00000000c2000000)
Event: 42.519 GC heap after
Heap after GC invocations=13 (full 1):
 PSYoungGen      total 233984K, used 6609K [0x00000000f0000000, 0x0000000100000000, 0x0000000100000000)
  eden space 220160K, 0% used [0x00000000f0000000,0x00000000f0000000,0x00000000fd700000)
  from space 13824K, 47% used [0x00000000ff280000,0x00000000ff8f4488,0x0000000100000000)
  to   space 20992K, 0% used [0x00000000fd700000,0x00000000fd700000,0x00000000feb80000)
 ParOldGen       total 81920K, used 45973K [0x00000000d0000000, 0x00000000d5000000, 0x00000000f0000000)
  object space 81920K, 56% used [0x00000000d0000000,0x00000000d2ce5658,0x00000000d5000000)
 PSPermGen       total 64000K, used 31926K [0x00000000c0000000, 0x00000000c3e80000, 0x00000000d0000000)
  object space 64000K, 49% used [0x00000000c0000000,0x00000000c1f2db18,0x00000000c3e80000)
}
Event: 45.328 GC heap before
{Heap before GC invocations=14 (full 1):
 PSYoungGen      total 233984K, used 226769K [0x00000000f0000000, 0x0000000100000000, 0x0000000100000000)
  eden space 220160K, 100% used [0x00000000f0000000,0x00000000fd700000,0x00000000fd700000)
  from space 13824K, 47% used [0x00000000ff280000,0x00000000ff8f4488,0x0000000100000000)
  to   space 20992K, 0% used [0x00000000fd700000,0x00000000fd700000,0x00000000feb80000)
 ParOldGen       total 81920K, used 45973K [0x00000000d0000000, 0x00000000d5000000, 0x00000000f0000000)
  object space 81920K, 56% used [0x00000000d0000000,0x00000000d2ce5658,0x00000000d5000000)
 PSPermGen       total 64000K, used 32228K [0x00000000c0000000, 0x00000000c3e80000, 0x00000000d0000000)
  object space 64000K, 50% used [0x00000000c0000000,0x00000000c1f79000,0x00000000c3e80000)
Event: 45.368 GC heap after
Heap after GC invocations=14 (full 1):
 PSYoungGen      total 241152K, used 7508K [0x00000000f0000000, 0x0000000100000000, 0x0000000100000000)
  eden space 220160K, 0% used [0x00000000f0000000,0x00000000f0000000,0x00000000fd700000)
  from space 20992K, 35% used [0x00000000fd700000,0x00000000fde55248,0x00000000feb80000)
  to   space 20480K, 0% used [0x00000000fec00000,0x00000000fec00000,0x0000000100000000)
 ParOldGen       total 81920K, used 52627K [0x00000000d0000000, 0x00000000d5000000, 0x00000000f0000000)
  object space 81920K, 64% used [0x00000000d0000000,0x00000000d3364c20,0x00000000d5000000)
 PSPermGen       total 64000K, used 32228K [0x00000000c0000000, 0x00000000c3e80000, 0x00000000d0000000)
  object space 64000K, 50% used [0x00000000c0000000,0x00000000c1f79000,0x00000000c3e80000)
}
Event: 47.970 GC heap before
{Heap before GC invocations=15 (full 1):
 PSYoungGen      total 241152K, used 227668K [0x00000000f0000000, 0x0000000100000000, 0x0000000100000000)
  eden space 220160K, 100% used [0x00000000f0000000,0x00000000fd700000,0x00000000fd700000)
  from space 20992K, 35% used [0x00000000fd700000,0x00000000fde55248,0x00000000feb80000)
  to   space 20480K, 0% used [0x00000000fec00000,0x00000000fec00000,0x0000000100000000)
 ParOldGen       total 81920K, used 52627K [0x00000000d0000000, 0x00000000d5000000, 0x00000000f0000000)
  object space 81920K, 64% used [0x00000000d0000000,0x00000000d3364c20,0x00000000d5000000)
 PSPermGen       total 64000K, used 33285K [0x00000000c0000000, 0x00000000c3e80000, 0x00000000d0000000)
  object space 64000K, 52% used [0x00000000c0000000,0x00000000c2081408,0x00000000c3e80000)
Event: 47.989 GC heap after
Heap after GC invocations=15 (full 1):
 PSYoungGen      total 240640K, used 2003K [0x00000000f0000000, 0x00000000fff80000, 0x0000000100000000)
  eden space 220672K, 0% used [0x00000000f0000000,0x00000000f0000000,0x00000000fd780000)
  from space 19968K, 10% used [0x00000000fec00000,0x00000000fedf4ce8,0x00000000fff80000)
  to   space 20480K, 0% used [0x00000000fd780000,0x00000000fd780000,0x00000000feb80000)
 ParOldGen       total 81920K, used 59663K [0x00000000d0000000, 0x00000000d5000000, 0x00000000f0000000)
  object space 81920K, 72% used [0x00000000d0000000,0x00000000d3a43f78,0x00000000d5000000)
 PSPermGen       total 64000K, used 33285K [0x00000000c0000000, 0x00000000c3e80000, 0x00000000d0000000)
  object space 64000K, 52% used [0x00000000c0000000,0x00000000c2081408,0x00000000c3e80000)
}
Event: 49.798 GC heap before
{Heap before GC invocations=16 (full 1):
 PSYoungGen      total 240640K, used 222675K [0x00000000f0000000, 0x00000000fff80000, 0x0000000100000000)
  eden space 220672K, 100% used [0x00000000f0000000,0x00000000fd780000,0x00000000fd780000)
  from space 19968K, 10% used [0x00000000fec00000,0x00000000fedf4ce8,0x00000000fff80000)
  to   space 20480K, 0% used [0x00000000fd780000,0x00000000fd780000,0x00000000feb80000)
 ParOldGen       total 81920K, used 59663K [0x00000000d0000000, 0x00000000d5000000, 0x00000000f0000000)
  object space 81920K, 72% used [0x00000000d0000000,0x00000000d3a43f78,0x00000000d5000000)
 PSPermGen       total 64000K, used 33974K [0x00000000c0000000, 0x00000000c3e80000, 0x00000000d0000000)
  object space 64000K, 53% used [0x00000000c0000000,0x00000000c212d830,0x00000000c3e80000)

