# JRE version: Java(TM) SE Runtime Environment (7.0_40-b43) (build 1.7.0_40-b43)
# Java VM: Java HotSpot(TM) 64-Bit Server VM (24.0-b56 mixed mode linux-amd64 compressed oops)
Heap
 PSYoungGen      total 221184K, used 18409K [0x00000000f0000000, 0x0000000100000000, 0x0000000100000000)
  eden space 202752K, 0% used [0x00000000f0000000,0x00000000f0000000,0x00000000fc600000)
  from space 18432K, 99% used [0x00000000fee00000,0x00000000ffffa7c8,0x0000000100000000)
  to   space 29696K, 0% used [0x00000000fc600000,0x00000000fc600000,0x00000000fe300000)
 ParOldGen       total 44032K, used 38844K [0x00000000d0000000, 0x00000000d2b00000, 0x00000000f0000000)
  object space 44032K, 88% used [0x00000000d0000000,0x00000000d25ef028,0x00000000d2b00000)
 PSPermGen       total 36352K, used 36207K [0x00000000c0000000, 0x00000000c2380000, 0x00000000d0000000)
  object space 36352K, 99% used [0x00000000c0000000,0x00000000c235bfb8,0x00000000c2380000)
GC Heap History (10 events):
Event: 6.028 GC heap after
Heap after GC invocations=6 (full 0):
 PSYoungGen      total 146944K, used 7881K [0x00000000f0000000, 0x00000000f9b00000, 0x0000000100000000)
  eden space 135168K, 0% used [0x00000000f0000000,0x00000000f0000000,0x00000000f8400000)
  from space 11776K, 66% used [0x00000000f8f80000,0x00000000f97327e8,0x00000000f9b00000)
  to   space 11776K, 0% used [0x00000000f8400000,0x00000000f8400000,0x00000000f8f80000)
 ParOldGen       total 44032K, used 16940K [0x00000000d0000000, 0x00000000d2b00000, 0x00000000f0000000)
  object space 44032K, 38% used [0x00000000d0000000,0x00000000d108b3a0,0x00000000d2b00000)
 PSPermGen       total 21504K, used 21300K [0x00000000c0000000, 0x00000000c1500000, 0x00000000d0000000)
  object space 21504K, 99% used [0x00000000c0000000,0x00000000c14cd268,0x00000000c1500000)
}
Event: 8.566 GC heap before
{Heap before GC invocations=7 (full 0):
 PSYoungGen      total 146944K, used 143049K [0x00000000f0000000, 0x00000000f9b00000, 0x0000000100000000)
  eden space 135168K, 100% used [0x00000000f0000000,0x00000000f8400000,0x00000000f8400000)
  from space 11776K, 66% used [0x00000000f8f80000,0x00000000f97327e8,0x00000000f9b00000)
  to   space 11776K, 0% used [0x00000000f8400000,0x00000000f8400000,0x00000000f8f80000)
 ParOldGen       total 44032K, used 16940K [0x00000000d0000000, 0x00000000d2b00000, 0x00000000f0000000)
  object space 44032K, 38% used [0x00000000d0000000,0x00000000d108b3a0,0x00000000d2b00000)
 PSPermGen       total 28160K, used 28112K [0x00000000c0000000, 0x00000000c1b80000, 0x00000000d0000000)
  object space 28160K, 99% used [0x00000000c0000000,0x00000000c1b74020,0x00000000c1b80000)
Event: 8.602 GC heap after
Heap after GC invocations=7 (full 0):
 PSYoungGen      total 146944K, used 11754K [0x00000000f0000000, 0x0000000100000000, 0x0000000100000000)
  eden space 135168K, 0% used [0x00000000f0000000,0x00000000f0000000,0x00000000f8400000)
  from space 11776K, 99% used [0x00000000f8400000,0x00000000f8f7aad8,0x00000000f8f80000)
  to   space 14848K, 0% used [0x00000000ff180000,0x00000000ff180000,0x0000000100000000)
 ParOldGen       total 44032K, used 18846K [0x00000000d0000000, 0x00000000d2b00000, 0x00000000f0000000)
  object space 44032K, 42% used [0x00000000d0000000,0x00000000d12679f0,0x00000000d2b00000)
 PSPermGen       total 28160K, used 28112K [0x00000000c0000000, 0x00000000c1b80000, 0x00000000d0000000)
  object space 28160K, 99% used [0x00000000c0000000,0x00000000c1b74020,0x00000000c1b80000)
}
Event: 10.434 GC heap before
{Heap before GC invocations=8 (full 0):
 PSYoungGen      total 146944K, used 146922K [0x00000000f0000000, 0x0000000100000000, 0x0000000100000000)
  eden space 135168K, 100% used [0x00000000f0000000,0x00000000f8400000,0x00000000f8400000)
  from space 11776K, 99% used [0x00000000f8400000,0x00000000f8f7aad8,0x00000000f8f80000)
  to   space 14848K, 0% used [0x00000000ff180000,0x00000000ff180000,0x0000000100000000)
 ParOldGen       total 44032K, used 18846K [0x00000000d0000000, 0x00000000d2b00000, 0x00000000f0000000)
  object space 44032K, 42% used [0x00000000d0000000,0x00000000d12679f0,0x00000000d2b00000)
 PSPermGen       total 31232K, used 31078K [0x00000000c0000000, 0x00000000c1e80000, 0x00000000d0000000)
  object space 31232K, 99% used [0x00000000c0000000,0x00000000c1e59868,0x00000000c1e80000)
Event: 10.482 GC heap after
Heap after GC invocations=8 (full 0):
 PSYoungGen      total 240128K, used 14816K [0x00000000f0000000, 0x0000000100000000, 0x0000000100000000)
  eden space 225280K, 0% used [0x00000000f0000000,0x00000000f0000000,0x00000000fdc00000)
  from space 14848K, 99% used [0x00000000ff180000,0x00000000ffff8378,0x0000000100000000)
  to   space 18432K, 0% used [0x00000000fdc00000,0x00000000fdc00000,0x00000000fee00000)
 ParOldGen       total 44032K, used 21165K [0x00000000d0000000, 0x00000000d2b00000, 0x00000000f0000000)
  object space 44032K, 48% used [0x00000000d0000000,0x00000000d14ab5e0,0x00000000d2b00000)
 PSPermGen       total 31232K, used 31078K [0x00000000c0000000, 0x00000000c1e80000, 0x00000000d0000000)
  object space 31232K, 99% used [0x00000000c0000000,0x00000000c1e59868,0x00000000c1e80000)
}
Event: 12.143 GC heap before
{Heap before GC invocations=9 (full 0):
 PSYoungGen      total 240128K, used 240096K [0x00000000f0000000, 0x0000000100000000, 0x0000000100000000)
  eden space 225280K, 100% used [0x00000000f0000000,0x00000000fdc00000,0x00000000fdc00000)
  from space 14848K, 99% used [0x00000000ff180000,0x00000000ffff8378,0x0000000100000000)
  to   space 18432K, 0% used [0x00000000fdc00000,0x00000000fdc00000,0x00000000fee00000)
 ParOldGen       total 44032K, used 21165K [0x00000000d0000000, 0x00000000d2b00000, 0x00000000f0000000)
  object space 44032K, 48% used [0x00000000d0000000,0x00000000d14ab5e0,0x00000000d2b00000)
 PSPermGen       total 34304K, used 33919K [0x00000000c0000000, 0x00000000c2180000, 0x00000000d0000000)
  object space 34304K, 98% used [0x00000000c0000000,0x00000000c211ff68,0x00000000c2180000)
Event: 12.210 GC heap after
Heap after GC invocations=9 (full 0):
 PSYoungGen      total 243712K, used 18426K [0x00000000f0000000, 0x0000000100000000, 0x0000000100000000)
  eden space 225280K, 0% used [0x00000000f0000000,0x00000000f0000000,0x00000000fdc00000)
  from space 18432K, 99% used [0x00000000fdc00000,0x00000000fedfead0,0x00000000fee00000)
  to   space 18432K, 0% used [0x00000000fee00000,0x00000000fee00000,0x0000000100000000)
 ParOldGen       total 44032K, used 26546K [0x00000000d0000000, 0x00000000d2b00000, 0x00000000f0000000)
  object space 44032K, 60% used [0x00000000d0000000,0x00000000d19ecb18,0x00000000d2b00000)
 PSPermGen       total 34304K, used 33919K [0x00000000c0000000, 0x00000000c2180000, 0x00000000d0000000)
  object space 34304K, 98% used [0x00000000c0000000,0x00000000c211ff68,0x00000000c2180000)
}
Event: 14.180 GC heap before
{Heap before GC invocations=10 (full 0):
 PSYoungGen      total 243712K, used 243706K [0x00000000f0000000, 0x0000000100000000, 0x0000000100000000)
  eden space 225280K, 100% used [0x00000000f0000000,0x00000000fdc00000,0x00000000fdc00000)
  from space 18432K, 99% used [0x00000000fdc00000,0x00000000fedfead0,0x00000000fee00000)
  to   space 18432K, 0% used [0x00000000fee00000,0x00000000fee00000,0x0000000100000000)
 ParOldGen       total 44032K, used 26546K [0x00000000d0000000, 0x00000000d2b00000, 0x00000000f0000000)
  object space 44032K, 60% used [0x00000000d0000000,0x00000000d19ecb18,0x00000000d2b00000)
 PSPermGen       total 36352K, used 36207K [0x00000000c0000000, 0x00000000c2380000, 0x00000000d0000000)
  object space 36352K, 99% used [0x00000000c0000000,0x00000000c235bfb8,0x00000000c2380000)
Event: 14.241 GC heap after
Heap after GC invocations=10 (full 0):
 PSYoungGen      total 221184K, used 18409K [0x00000000f0000000, 0x0000000100000000, 0x0000000100000000)
  eden space 202752K, 0% used [0x00000000f0000000,0x00000000f0000000,0x00000000fc600000)
  from space 18432K, 99% used [0x00000000fee00000,0x00000000ffffa7c8,0x0000000100000000)
  to   space 29696K, 0% used [0x00000000fc600000,0x00000000fc600000,0x00000000fe300000)
 ParOldGen       total 44032K, used 38844K [0x00000000d0000000, 0x00000000d2b00000, 0x00000000f0000000)
  object space 44032K, 88% used [0x00000000d0000000,0x00000000d25ef028,0x00000000d2b00000)
 PSPermGen       total 36352K, used 36207K [0x00000000c0000000, 0x00000000c2380000, 0x00000000d0000000)
  object space 36352K, 99% used [0x00000000c0000000,0x00000000c235bfb8,0x00000000c2380000)
}
Event: 14.241 GC heap before
{Heap before GC invocations=11 (full 1):
 PSYoungGen      total 221184K, used 18409K [0x00000000f0000000, 0x0000000100000000, 0x0000000100000000)
  eden space 202752K, 0% used [0x00000000f0000000,0x00000000f0000000,0x00000000fc600000)
  from space 18432K, 99% used [0x00000000fee00000,0x00000000ffffa7c8,0x0000000100000000)
  to   space 29696K, 0% used [0x00000000fc600000,0x00000000fc600000,0x00000000fe300000)
 ParOldGen       total 44032K, used 38844K [0x00000000d0000000, 0x00000000d2b00000, 0x00000000f0000000)
  object space 44032K, 88% used [0x00000000d0000000,0x00000000d25ef028,0x00000000d2b00000)
 PSPermGen       total 36352K, used 36207K [0x00000000c0000000, 0x00000000c2380000, 0x00000000d0000000)
  object space 36352K, 99% used [0x00000000c0000000,0x00000000c235bfb8,0x00000000c2380000)

