# JRE version: Java(TM) SE Runtime Environment (7.0_40-b43) (build 1.7.0_40-b43)
# Java VM: Java HotSpot(TM) 64-Bit Server VM (24.0-b56 mixed mode linux-amd64 compressed oops)
Heap
 PSYoungGen      total 243200K, used 109543K [0x00000000f0000000, 0x0000000100000000, 0x0000000100000000)
  eden space 226304K, 41% used [0x00000000f0000000,0x00000000f5c7ce50,0x00000000fdd00000)
  from space 16896K, 87% used [0x00000000fdd00000,0x00000000feb7ce20,0x00000000fed80000)
  to   space 18944K, 0% used [0x00000000fed80000,0x00000000fed80000,0x0000000100000000)
 ParOldGen       total 95744K, used 58014K [0x00000000d0000000, 0x00000000d5d80000, 0x00000000f0000000)
  object space 95744K, 60% used [0x00000000d0000000,0x00000000d38a7810,0x00000000d5d80000)
 PSPermGen       total 72192K, used 53052K [0x00000000c0000000, 0x00000000c4680000, 0x00000000d0000000)
  object space 72192K, 73% used [0x00000000c0000000,0x00000000c33cf128,0x00000000c4680000)
GC Heap History (10 events):
Event: 17.985 GC heap before
{Heap before GC invocations=25 (full 2):
 PSYoungGen      total 241664K, used 217856K [0x00000000f0000000, 0x0000000100000000, 0x0000000100000000)
  eden space 223232K, 96% used [0x00000000f0000000,0x00000000fd274cb0,0x00000000fda00000)
  from space 18432K, 12% used [0x00000000fec00000,0x00000000fee4b4f8,0x00000000ffe00000)
  to   space 18432K, 0% used [0x00000000fda00000,0x00000000fda00000,0x00000000fec00000)
 ParOldGen       total 95744K, used 56539K [0x00000000d0000000, 0x00000000d5d80000, 0x00000000f0000000)
  object space 95744K, 59% used [0x00000000d0000000,0x00000000d3736e18,0x00000000d5d80000)
 PSPermGen       total 72192K, used 45707K [0x00000000c0000000, 0x00000000c4680000, 0x00000000d0000000)
  object space 72192K, 63% used [0x00000000c0000000,0x00000000c2ca2f18,0x00000000c4680000)
Event: 17.995 GC heap after
Heap after GC invocations=25 (full 2):
 PSYoungGen      total 241664K, used 2897K [0x00000000f0000000, 0x0000000100000000, 0x0000000100000000)
  eden space 223232K, 0% used [0x00000000f0000000,0x00000000f0000000,0x00000000fda00000)
  from space 18432K, 15% used [0x00000000fda00000,0x00000000fdcd4688,0x00000000fec00000)
  to   space 18432K, 0% used [0x00000000fee00000,0x00000000fee00000,0x0000000100000000)
 ParOldGen       total 95744K, used 58006K [0x00000000d0000000, 0x00000000d5d80000, 0x00000000f0000000)
  object space 95744K, 60% used [0x00000000d0000000,0x00000000d38a5810,0x00000000d5d80000)
 PSPermGen       total 72192K, used 45707K [0x00000000c0000000, 0x00000000c4680000, 0x00000000d0000000)
  object space 72192K, 63% used [0x00000000c0000000,0x00000000c2ca2f18,0x00000000c4680000)
}
Event: 18.428 GC heap before
{Heap before GC invocations=26 (full 2):
 PSYoungGen      total 241664K, used 218913K [0x00000000f0000000, 0x0000000100000000, 0x0000000100000000)
  eden space 223232K, 96% used [0x00000000f0000000,0x00000000fd2f3e50,0x00000000fda00000)
  from space 18432K, 15% used [0x00000000fda00000,0x00000000fdcd4688,0x00000000fec00000)
  to   space 18432K, 0% used [0x00000000fee00000,0x00000000fee00000,0x0000000100000000)
 ParOldGen       total 95744K, used 58006K [0x00000000d0000000, 0x00000000d5d80000, 0x00000000f0000000)
  object space 95744K, 60% used [0x00000000d0000000,0x00000000d38a5810,0x00000000d5d80000)
 PSPermGen       total 72192K, used 46467K [0x00000000c0000000, 0x00000000c4680000, 0x00000000d0000000)
  object space 72192K, 64% used [0x00000000c0000000,0x00000000c2d60fc8,0x00000000c4680000)
Event: 18.434 GC heap after
Heap after GC invocations=26 (full 2):
 PSYoungGen      total 243712K, used 2278K [0x00000000f0000000, 0x0000000100000000, 0x0000000100000000)
  eden space 225280K, 0% used [0x00000000f0000000,0x00000000f0000000,0x00000000fdc00000)
  from space 18432K, 12% used [0x00000000fee00000,0x00000000ff039bb0,0x0000000100000000)
  to   space 18432K, 0% used [0x00000000fdc00000,0x00000000fdc00000,0x00000000fee00000)
 ParOldGen       total 95744K, used 58006K [0x00000000d0000000, 0x00000000d5d80000, 0x00000000f0000000)
  object space 95744K, 60% used [0x00000000d0000000,0x00000000d38a5810,0x00000000d5d80000)
 PSPermGen       total 72192K, used 46467K [0x00000000c0000000, 0x00000000c4680000, 0x00000000d0000000)
  object space 72192K, 64% used [0x00000000c0000000,0x00000000c2d60fc8,0x00000000c4680000)
}
Event: 18.993 GC heap before
{Heap before GC invocations=27 (full 2):
 PSYoungGen      total 243712K, used 227558K [0x00000000f0000000, 0x0000000100000000, 0x0000000100000000)
  eden space 225280K, 100% used [0x00000000f0000000,0x00000000fdc00000,0x00000000fdc00000)
  from space 18432K, 12% used [0x00000000fee00000,0x00000000ff039bb0,0x0000000100000000)
  to   space 18432K, 0% used [0x00000000fdc00000,0x00000000fdc00000,0x00000000fee00000)
 ParOldGen       total 95744K, used 58006K [0x00000000d0000000, 0x00000000d5d80000, 0x00000000f0000000)
  object space 95744K, 60% used [0x00000000d0000000,0x00000000d38a5810,0x00000000d5d80000)
 PSPermGen       total 72192K, used 48437K [0x00000000c0000000, 0x00000000c4680000, 0x00000000d0000000)
  object space 72192K, 67% used [0x00000000c0000000,0x00000000c2f4d5d8,0x00000000c4680000)
Event: 19.000 GC heap after
Heap after GC invocations=27 (full 2):
 PSYoungGen      total 228864K, used 3134K [0x00000000f0000000, 0x00000000fff00000, 0x0000000100000000)
  eden space 225280K, 0% used [0x00000000f0000000,0x00000000f0000000,0x00000000fdc00000)
  from space 3584K, 87% used [0x00000000fdc00000,0x00000000fdf0fbe0,0x00000000fdf80000)
  to   space 17920K, 0% used [0x00000000fed80000,0x00000000fed80000,0x00000000fff00000)
 ParOldGen       total 95744K, used 58006K [0x00000000d0000000, 0x00000000d5d80000, 0x00000000f0000000)
  object space 95744K, 60% used [0x00000000d0000000,0x00000000d38a5810,0x00000000d5d80000)
 PSPermGen       total 72192K, used 48437K [0x00000000c0000000, 0x00000000c4680000, 0x00000000d0000000)
  object space 72192K, 67% used [0x00000000c0000000,0x00000000c2f4d5d8,0x00000000c4680000)
}
Event: 19.943 GC heap before
{Heap before GC invocations=28 (full 2):
 PSYoungGen      total 228864K, used 228414K [0x00000000f0000000, 0x00000000fff00000, 0x0000000100000000)
  eden space 225280K, 100% used [0x00000000f0000000,0x00000000fdc00000,0x00000000fdc00000)
  from space 3584K, 87% used [0x00000000fdc00000,0x00000000fdf0fbe0,0x00000000fdf80000)
  to   space 17920K, 0% used [0x00000000fed80000,0x00000000fed80000,0x00000000fff00000)
 ParOldGen       total 95744K, used 58006K [0x00000000d0000000, 0x00000000d5d80000, 0x00000000f0000000)
  object space 95744K, 60% used [0x00000000d0000000,0x00000000d38a5810,0x00000000d5d80000)
 PSPermGen       total 72192K, used 50774K [0x00000000c0000000, 0x00000000c4680000, 0x00000000d0000000)
  object space 72192K, 70% used [0x00000000c0000000,0x00000000c3195840,0x00000000c4680000)
Event: 19.963 GC heap after
Heap after GC invocations=28 (full 2):
 PSYoungGen      total 244224K, used 7437K [0x00000000f0000000, 0x0000000100000000, 0x0000000100000000)
  eden space 226304K, 0% used [0x00000000f0000000,0x00000000f0000000,0x00000000fdd00000)
  from space 17920K, 41% used [0x00000000fed80000,0x00000000ff4c3580,0x00000000fff00000)
  to   space 16896K, 0% used [0x00000000fdd00000,0x00000000fdd00000,0x00000000fed80000)
 ParOldGen       total 95744K, used 58014K [0x00000000d0000000, 0x00000000d5d80000, 0x00000000f0000000)
  object space 95744K, 60% used [0x00000000d0000000,0x00000000d38a7810,0x00000000d5d80000)
 PSPermGen       total 72192K, used 50774K [0x00000000c0000000, 0x00000000c4680000, 0x00000000d0000000)
  object space 72192K, 70% used [0x00000000c0000000,0x00000000c3195840,0x00000000c4680000)
}
Event: 21.223 GC heap before
{Heap before GC invocations=29 (full 2):
 PSYoungGen      total 244224K, used 232485K [0x00000000f0000000, 0x0000000100000000, 0x0000000100000000)
  eden space 226304K, 99% used [0x00000000f0000000,0x00000000fdbc5fa0,0x00000000fdd00000)
  from space 17920K, 41% used [0x00000000fed80000,0x00000000ff4c3580,0x00000000fff00000)
  to   space 16896K, 0% used [0x00000000fdd00000,0x00000000fdd00000,0x00000000fed80000)
 ParOldGen       total 95744K, used 58014K [0x00000000d0000000, 0x00000000d5d80000, 0x00000000f0000000)
  object space 95744K, 60% used [0x00000000d0000000,0x00000000d38a7810,0x00000000d5d80000)
 PSPermGen       total 72192K, used 52614K [0x00000000c0000000, 0x00000000c4680000, 0x00000000d0000000)
  object space 72192K, 72% used [0x00000000c0000000,0x00000000c3361a50,0x00000000c4680000)
Event: 21.257 GC heap after
Heap after GC invocations=29 (full 2):
 PSYoungGen      total 243200K, used 14835K [0x00000000f0000000, 0x0000000100000000, 0x0000000100000000)
  eden space 226304K, 0% used [0x00000000f0000000,0x00000000f0000000,0x00000000fdd00000)
  from space 16896K, 87% used [0x00000000fdd00000,0x00000000feb7ce20,0x00000000fed80000)
  to   space 18944K, 0% used [0x00000000fed80000,0x00000000fed80000,0x0000000100000000)
 ParOldGen       total 95744K, used 58014K [0x00000000d0000000, 0x00000000d5d80000, 0x00000000f0000000)
  object space 95744K, 60% used [0x00000000d0000000,0x00000000d38a7810,0x00000000d5d80000)
 PSPermGen       total 72192K, used 52614K [0x00000000c0000000, 0x00000000c4680000, 0x00000000d0000000)
  object space 72192K, 72% used [0x00000000c0000000,0x00000000c3361a50,0x00000000c4680000)
}

