# JRE version: Java(TM) SE Runtime Environment (7.0_40-b43) (build 1.7.0_40-b43)
# Java VM: Java HotSpot(TM) 64-Bit Server VM (24.0-b56 mixed mode linux-amd64 compressed oops)
Heap
 PSYoungGen      total 143360K, used 69033K [0x00000000f0000000, 0x00000000fff80000, 0x0000000100000000)
  eden space 134656K, 47% used [0x00000000f0000000,0x00000000f3de6138,0x00000000f8380000)
  from space 8704K, 64% used [0x00000000f8380000,0x00000000f8904458,0x00000000f8c00000)
  to   space 8192K, 0% used [0x00000000ff780000,0x00000000ff780000,0x00000000fff80000)
 ParOldGen       total 44032K, used 19746K [0x00000000d0000000, 0x00000000d2b00000, 0x00000000f0000000)
  object space 44032K, 44% used [0x00000000d0000000,0x00000000d13489d0,0x00000000d2b00000)
 PSPermGen       total 32768K, used 21995K [0x00000000c0000000, 0x00000000c2000000, 0x00000000d0000000)
  object space 32768K, 67% used [0x00000000c0000000,0x00000000c157adf8,0x00000000c2000000)
GC Heap History (10 events):
Event: 2.140 GC heap before
{Heap before GC invocations=3 (full 0):
 PSYoungGen      total 36352K, used 36340K [0x00000000f0000000, 0x00000000f2600000, 0x0000000100000000)
  eden space 33792K, 100% used [0x00000000f0000000,0x00000000f2100000,0x00000000f2100000)
  from space 2560K, 99% used [0x00000000f2380000,0x00000000f25fd120,0x00000000f2600000)
  to   space 2560K, 0% used [0x00000000f2100000,0x00000000f2100000,0x00000000f2380000)
 ParOldGen       total 44032K, used 6165K [0x00000000d0000000, 0x00000000d2b00000, 0x00000000f0000000)
  object space 44032K, 14% used [0x00000000d0000000,0x00000000d06055c8,0x00000000d2b00000)
 PSPermGen       total 32768K, used 15384K [0x00000000c0000000, 0x00000000c2000000, 0x00000000d0000000)
  object space 32768K, 46% used [0x00000000c0000000,0x00000000c0f06160,0x00000000c2000000)
Event: 2.159 GC heap after
Heap after GC invocations=3 (full 0):
 PSYoungGen      total 36352K, used 2532K [0x00000000f0000000, 0x00000000f4700000, 0x0000000100000000)
  eden space 33792K, 0% used [0x00000000f0000000,0x00000000f0000000,0x00000000f2100000)
  from space 2560K, 98% used [0x00000000f2100000,0x00000000f2379130,0x00000000f2380000)
  to   space 2560K, 0% used [0x00000000f4480000,0x00000000f4480000,0x00000000f4700000)
 ParOldGen       total 44032K, used 11267K [0x00000000d0000000, 0x00000000d2b00000, 0x00000000f0000000)
  object space 44032K, 25% used [0x00000000d0000000,0x00000000d0b00ff0,0x00000000d2b00000)
 PSPermGen       total 32768K, used 15384K [0x00000000c0000000, 0x00000000c2000000, 0x00000000d0000000)
  object space 32768K, 46% used [0x00000000c0000000,0x00000000c0f06160,0x00000000c2000000)
}
Event: 3.040 GC heap before
{Heap before GC invocations=4 (full 0):
 PSYoungGen      total 36352K, used 36324K [0x00000000f0000000, 0x00000000f4700000, 0x0000000100000000)
  eden space 33792K, 100% used [0x00000000f0000000,0x00000000f2100000,0x00000000f2100000)
  from space 2560K, 98% used [0x00000000f2100000,0x00000000f2379130,0x00000000f2380000)
  to   space 2560K, 0% used [0x00000000f4480000,0x00000000f4480000,0x00000000f4700000)
 ParOldGen       total 44032K, used 11267K [0x00000000d0000000, 0x00000000d2b00000, 0x00000000f0000000)
  object space 44032K, 25% used [0x00000000d0000000,0x00000000d0b00ff0,0x00000000d2b00000)
 PSPermGen       total 32768K, used 18010K [0x00000000c0000000, 0x00000000c2000000, 0x00000000d0000000)
  object space 32768K, 54% used [0x00000000c0000000,0x00000000c1196af0,0x00000000c2000000)
Event: 3.054 GC heap after
Heap after GC invocations=4 (full 0):
 PSYoungGen      total 70144K, used 2532K [0x00000000f0000000, 0x00000000f4700000, 0x0000000100000000)
  eden space 67584K, 0% used [0x00000000f0000000,0x00000000f0000000,0x00000000f4200000)
  from space 2560K, 98% used [0x00000000f4480000,0x00000000f46f90f0,0x00000000f4700000)
  to   space 2560K, 0% used [0x00000000f4200000,0x00000000f4200000,0x00000000f4480000)
 ParOldGen       total 44032K, used 15650K [0x00000000d0000000, 0x00000000d2b00000, 0x00000000f0000000)
  object space 44032K, 35% used [0x00000000d0000000,0x00000000d0f48ac0,0x00000000d2b00000)
 PSPermGen       total 32768K, used 18010K [0x00000000c0000000, 0x00000000c2000000, 0x00000000d0000000)
  object space 32768K, 54% used [0x00000000c0000000,0x00000000c1196af0,0x00000000c2000000)
}
Event: 4.035 GC heap before
{Heap before GC invocations=5 (full 0):
 PSYoungGen      total 70144K, used 70116K [0x00000000f0000000, 0x00000000f4700000, 0x0000000100000000)
  eden space 67584K, 100% used [0x00000000f0000000,0x00000000f4200000,0x00000000f4200000)
  from space 2560K, 98% used [0x00000000f4480000,0x00000000f46f90f0,0x00000000f4700000)
  to   space 2560K, 0% used [0x00000000f4200000,0x00000000f4200000,0x00000000f4480000)
 ParOldGen       total 44032K, used 15650K [0x00000000d0000000, 0x00000000d2b00000, 0x00000000f0000000)
  object space 44032K, 35% used [0x00000000d0000000,0x00000000d0f48ac0,0x00000000d2b00000)
 PSPermGen       total 32768K, used 18255K [0x00000000c0000000, 0x00000000c2000000, 0x00000000d0000000)
  object space 32768K, 55% used [0x00000000c0000000,0x00000000c11d3ce0,0x00000000c2000000)
Event: 4.052 GC heap after
Heap after GC invocations=5 (full 0):
 PSYoungGen      total 70144K, used 2536K [0x00000000f0000000, 0x00000000f9400000, 0x0000000100000000)
  eden space 67584K, 0% used [0x00000000f0000000,0x00000000f0000000,0x00000000f4200000)
  from space 2560K, 99% used [0x00000000f4200000,0x00000000f447a130,0x00000000f4480000)
  to   space 8192K, 0% used [0x00000000f8c00000,0x00000000f8c00000,0x00000000f9400000)
 ParOldGen       total 44032K, used 18092K [0x00000000d0000000, 0x00000000d2b00000, 0x00000000f0000000)
  object space 44032K, 41% used [0x00000000d0000000,0x00000000d11ab1b8,0x00000000d2b00000)
 PSPermGen       total 32768K, used 18255K [0x00000000c0000000, 0x00000000c2000000, 0x00000000d0000000)
  object space 32768K, 55% used [0x00000000c0000000,0x00000000c11d3ce0,0x00000000c2000000)
}
Event: 4.690 GC heap before
{Heap before GC invocations=6 (full 0):
 PSYoungGen      total 70144K, used 70120K [0x00000000f0000000, 0x00000000f9400000, 0x0000000100000000)
  eden space 67584K, 100% used [0x00000000f0000000,0x00000000f4200000,0x00000000f4200000)
  from space 2560K, 99% used [0x00000000f4200000,0x00000000f447a130,0x00000000f4480000)
  to   space 8192K, 0% used [0x00000000f8c00000,0x00000000f8c00000,0x00000000f9400000)
 ParOldGen       total 44032K, used 18092K [0x00000000d0000000, 0x00000000d2b00000, 0x00000000f0000000)
  object space 44032K, 41% used [0x00000000d0000000,0x00000000d11ab1b8,0x00000000d2b00000)
 PSPermGen       total 32768K, used 18363K [0x00000000c0000000, 0x00000000c2000000, 0x00000000d0000000)
  object space 32768K, 56% used [0x00000000c0000000,0x00000000c11eef10,0x00000000c2000000)
Event: 4.712 GC heap after
Heap after GC invocations=6 (full 0):
 PSYoungGen      total 142848K, used 4292K [0x00000000f0000000, 0x00000000f9500000, 0x0000000100000000)
  eden space 134656K, 0% used [0x00000000f0000000,0x00000000f0000000,0x00000000f8380000)
  from space 8192K, 52% used [0x00000000f8c00000,0x00000000f9031130,0x00000000f9400000)
  to   space 8704K, 0% used [0x00000000f8380000,0x00000000f8380000,0x00000000f8c00000)
 ParOldGen       total 44032K, used 18092K [0x00000000d0000000, 0x00000000d2b00000, 0x00000000f0000000)
  object space 44032K, 41% used [0x00000000d0000000,0x00000000d11ab1b8,0x00000000d2b00000)
 PSPermGen       total 32768K, used 18363K [0x00000000c0000000, 0x00000000c2000000, 0x00000000d0000000)
  object space 32768K, 56% used [0x00000000c0000000,0x00000000c11eef10,0x00000000c2000000)
}
Event: 6.212 GC heap before
{Heap before GC invocations=7 (full 0):
 PSYoungGen      total 142848K, used 138948K [0x00000000f0000000, 0x00000000f9500000, 0x0000000100000000)
  eden space 134656K, 100% used [0x00000000f0000000,0x00000000f8380000,0x00000000f8380000)
  from space 8192K, 52% used [0x00000000f8c00000,0x00000000f9031130,0x00000000f9400000)
  to   space 8704K, 0% used [0x00000000f8380000,0x00000000f8380000,0x00000000f8c00000)
 ParOldGen       total 44032K, used 18092K [0x00000000d0000000, 0x00000000d2b00000, 0x00000000f0000000)
  object space 44032K, 41% used [0x00000000d0000000,0x00000000d11ab1b8,0x00000000d2b00000)
 PSPermGen       total 32768K, used 21037K [0x00000000c0000000, 0x00000000c2000000, 0x00000000d0000000)
  object space 32768K, 64% used [0x00000000c0000000,0x00000000c148b688,0x00000000c2000000)
Event: 6.241 GC heap after
Heap after GC invocations=7 (full 0):
 PSYoungGen      total 143360K, used 5649K [0x00000000f0000000, 0x00000000fff80000, 0x0000000100000000)
  eden space 134656K, 0% used [0x00000000f0000000,0x00000000f0000000,0x00000000f8380000)
  from space 8704K, 64% used [0x00000000f8380000,0x00000000f8904458,0x00000000f8c00000)
  to   space 8192K, 0% used [0x00000000ff780000,0x00000000ff780000,0x00000000fff80000)
 ParOldGen       total 44032K, used 19746K [0x00000000d0000000, 0x00000000d2b00000, 0x00000000f0000000)
  object space 44032K, 44% used [0x00000000d0000000,0x00000000d13489d0,0x00000000d2b00000)
 PSPermGen       total 32768K, used 21037K [0x00000000c0000000, 0x00000000c2000000, 0x00000000d0000000)
  object space 32768K, 64% used [0x00000000c0000000,0x00000000c148b688,0x00000000c2000000)
}

