# JRE version: Java(TM) SE Runtime Environment (7.0_40-b43) (build 1.7.0_40-b43)
# Java VM: Java HotSpot(TM) 64-Bit Server VM (24.0-b56 mixed mode linux-amd64 compressed oops)
Heap
 PSYoungGen      total 208384K, used 177929K [0x00000000f0000000, 0x0000000100000000, 0x0000000100000000)
  eden space 159744K, 100% used [0x00000000f0000000,0x00000000f9c00000,0x00000000f9c00000)
  from space 48640K, 37% used [0x00000000fc900000,0x00000000fdac2798,0x00000000ff880000)
  to   space 46080K, 50% used [0x00000000f9c00000,0x00000000fb2c3d98,0x00000000fc900000)
 ParOldGen       total 125952K, used 58993K [0x00000000d0000000, 0x00000000d7b00000, 0x00000000f0000000)
  object space 125952K, 46% used [0x00000000d0000000,0x00000000d399c4e8,0x00000000d7b00000)
 PSPermGen       total 84480K, used 55034K [0x00000000c0000000, 0x00000000c5280000, 0x00000000d0000000)
  object space 84480K, 65% used [0x00000000c0000000,0x00000000c35beb80,0x00000000c5280000)
GC Heap History (10 events):
Event: 17.128 GC heap after
Heap after GC invocations=35 (full 3):
 PSYoungGen      total 207872K, used 1606K [0x00000000f0000000, 0x0000000100000000, 0x0000000100000000)
  eden space 153600K, 0% used [0x00000000f0000000,0x00000000f0000000,0x00000000f9600000)
  from space 54272K, 2% used [0x00000000fcb00000,0x00000000fcc919b0,0x0000000100000000)
  to   space 54272K, 0% used [0x00000000f9600000,0x00000000f9600000,0x00000000fcb00000)
 ParOldGen       total 125952K, used 58320K [0x00000000d0000000, 0x00000000d7b00000, 0x00000000f0000000)
  object space 125952K, 46% used [0x00000000d0000000,0x00000000d38f41c0,0x00000000d7b00000)
 PSPermGen       total 84480K, used 48640K [0x00000000c0000000, 0x00000000c5280000, 0x00000000d0000000)
  object space 84480K, 57% used [0x00000000c0000000,0x00000000c2f80028,0x00000000c5280000)
}
Event: 17.907 GC heap before
{Heap before GC invocations=36 (full 3):
 PSYoungGen      total 207872K, used 151201K [0x00000000f0000000, 0x0000000100000000, 0x0000000100000000)
  eden space 153600K, 97% used [0x00000000f0000000,0x00000000f9216d90,0x00000000f9600000)
  from space 54272K, 2% used [0x00000000fcb00000,0x00000000fcc919b0,0x0000000100000000)
  to   space 54272K, 0% used [0x00000000f9600000,0x00000000f9600000,0x00000000fcb00000)
 ParOldGen       total 125952K, used 58320K [0x00000000d0000000, 0x00000000d7b00000, 0x00000000f0000000)
  object space 125952K, 46% used [0x00000000d0000000,0x00000000d38f41c0,0x00000000d7b00000)
 PSPermGen       total 84480K, used 50645K [0x00000000c0000000, 0x00000000c5280000, 0x00000000d0000000)
  object space 84480K, 59% used [0x00000000c0000000,0x00000000c3175510,0x00000000c5280000)
Event: 17.916 GC heap after
Heap after GC invocations=36 (full 3):
 PSYoungGen      total 159232K, used 5624K [0x00000000f0000000, 0x00000000ffe00000, 0x0000000100000000)
  eden space 153600K, 0% used [0x00000000f0000000,0x00000000f0000000,0x00000000f9600000)
  from space 5632K, 99% used [0x00000000f9600000,0x00000000f9b7e158,0x00000000f9b80000)
  to   space 53248K, 0% used [0x00000000fca00000,0x00000000fca00000,0x00000000ffe00000)
 ParOldGen       total 125952K, used 58328K [0x00000000d0000000, 0x00000000d7b00000, 0x00000000f0000000)
  object space 125952K, 46% used [0x00000000d0000000,0x00000000d38f61c0,0x00000000d7b00000)
 PSPermGen       total 84480K, used 50645K [0x00000000c0000000, 0x00000000c5280000, 0x00000000d0000000)
  object space 84480K, 59% used [0x00000000c0000000,0x00000000c3175510,0x00000000c5280000)
}
Event: 18.536 GC heap before
{Heap before GC invocations=37 (full 3):
 PSYoungGen      total 159232K, used 159224K [0x00000000f0000000, 0x00000000ffe00000, 0x0000000100000000)
  eden space 153600K, 100% used [0x00000000f0000000,0x00000000f9600000,0x00000000f9600000)
  from space 5632K, 99% used [0x00000000f9600000,0x00000000f9b7e158,0x00000000f9b80000)
  to   space 53248K, 0% used [0x00000000fca00000,0x00000000fca00000,0x00000000ffe00000)
 ParOldGen       total 125952K, used 58328K [0x00000000d0000000, 0x00000000d7b00000, 0x00000000f0000000)
  object space 125952K, 46% used [0x00000000d0000000,0x00000000d38f61c0,0x00000000d7b00000)
 PSPermGen       total 84480K, used 51303K [0x00000000c0000000, 0x00000000c5280000, 0x00000000d0000000)
  object space 84480K, 60% used [0x00000000c0000000,0x00000000c3219df0,0x00000000c5280000)
Event: 18.555 GC heap after
Heap after GC invocations=37 (full 3):
 PSYoungGen      total 208384K, used 7269K [0x00000000f0000000, 0x0000000100000000, 0x0000000100000000)
  eden space 155136K, 0% used [0x00000000f0000000,0x00000000f0000000,0x00000000f9780000)
  from space 53248K, 13% used [0x00000000fca00000,0x00000000fd1197e0,0x00000000ffe00000)
  to   space 51712K, 0% used [0x00000000f9780000,0x00000000f9780000,0x00000000fca00000)
 ParOldGen       total 125952K, used 58540K [0x00000000d0000000, 0x00000000d7b00000, 0x00000000f0000000)
  object space 125952K, 46% used [0x00000000d0000000,0x00000000d392b1d0,0x00000000d7b00000)
 PSPermGen       total 84480K, used 51303K [0x00000000c0000000, 0x00000000c5280000, 0x00000000d0000000)
  object space 84480K, 60% used [0x00000000c0000000,0x00000000c3219df0,0x00000000c5280000)
}
Event: 19.523 GC heap before
{Heap before GC invocations=38 (full 3):
 PSYoungGen      total 208384K, used 153208K [0x00000000f0000000, 0x0000000100000000, 0x0000000100000000)
  eden space 155136K, 94% used [0x00000000f0000000,0x00000000f8e84858,0x00000000f9780000)
  from space 53248K, 13% used [0x00000000fca00000,0x00000000fd1197e0,0x00000000ffe00000)
  to   space 51712K, 0% used [0x00000000f9780000,0x00000000f9780000,0x00000000fca00000)
 ParOldGen       total 125952K, used 58540K [0x00000000d0000000, 0x00000000d7b00000, 0x00000000f0000000)
  object space 125952K, 46% used [0x00000000d0000000,0x00000000d392b1d0,0x00000000d7b00000)
 PSPermGen       total 84480K, used 52747K [0x00000000c0000000, 0x00000000c5280000, 0x00000000d0000000)
  object space 84480K, 62% used [0x00000000c0000000,0x00000000c3382d08,0x00000000c5280000)
Event: 19.557 GC heap after
Heap after GC invocations=38 (full 3):
 PSYoungGen      total 167936K, used 12695K [0x00000000f0000000, 0x00000000ff880000, 0x0000000100000000)
  eden space 155136K, 0% used [0x00000000f0000000,0x00000000f0000000,0x00000000f9780000)
  from space 12800K, 99% used [0x00000000f9780000,0x00000000fa3e5e68,0x00000000fa400000)
  to   space 48640K, 0% used [0x00000000fc900000,0x00000000fc900000,0x00000000ff880000)
 ParOldGen       total 125952K, used 58993K [0x00000000d0000000, 0x00000000d7b00000, 0x00000000f0000000)
  object space 125952K, 46% used [0x00000000d0000000,0x00000000d399c4e8,0x00000000d7b00000)
 PSPermGen       total 84480K, used 52747K [0x00000000c0000000, 0x00000000c5280000, 0x00000000d0000000)
  object space 84480K, 62% used [0x00000000c0000000,0x00000000c3382d08,0x00000000c5280000)
}
Event: 20.517 GC heap before
{Heap before GC invocations=39 (full 3):
 PSYoungGen      total 167936K, used 167831K [0x00000000f0000000, 0x00000000ff880000, 0x0000000100000000)
  eden space 155136K, 100% used [0x00000000f0000000,0x00000000f9780000,0x00000000f9780000)
  from space 12800K, 99% used [0x00000000f9780000,0x00000000fa3e5e68,0x00000000fa400000)
  to   space 48640K, 0% used [0x00000000fc900000,0x00000000fc900000,0x00000000ff880000)
 ParOldGen       total 125952K, used 58993K [0x00000000d0000000, 0x00000000d7b00000, 0x00000000f0000000)
  object space 125952K, 46% used [0x00000000d0000000,0x00000000d399c4e8,0x00000000d7b00000)
 PSPermGen       total 84480K, used 53851K [0x00000000c0000000, 0x00000000c5280000, 0x00000000d0000000)
  object space 84480K, 63% used [0x00000000c0000000,0x00000000c3496ed0,0x00000000c5280000)
Event: 20.560 GC heap after
Heap after GC invocations=39 (full 3):
 PSYoungGen      total 208384K, used 18185K [0x00000000f0000000, 0x0000000100000000, 0x0000000100000000)
  eden space 159744K, 0% used [0x00000000f0000000,0x00000000f0000000,0x00000000f9c00000)
  from space 48640K, 37% used [0x00000000fc900000,0x00000000fdac2798,0x00000000ff880000)
  to   space 46080K, 0% used [0x00000000f9c00000,0x00000000f9c00000,0x00000000fc900000)
 ParOldGen       total 125952K, used 58993K [0x00000000d0000000, 0x00000000d7b00000, 0x00000000f0000000)
  object space 125952K, 46% used [0x00000000d0000000,0x00000000d399c4e8,0x00000000d7b00000)
 PSPermGen       total 84480K, used 53851K [0x00000000c0000000, 0x00000000c5280000, 0x00000000d0000000)
  object space 84480K, 63% used [0x00000000c0000000,0x00000000c3496ed0,0x00000000c5280000)
}
Event: 21.600 GC heap before
{Heap before GC invocations=40 (full 3):
 PSYoungGen      total 208384K, used 177929K [0x00000000f0000000, 0x0000000100000000, 0x0000000100000000)
  eden space 159744K, 100% used [0x00000000f0000000,0x00000000f9c00000,0x00000000f9c00000)
  from space 48640K, 37% used [0x00000000fc900000,0x00000000fdac2798,0x00000000ff880000)
  to   space 46080K, 0% used [0x00000000f9c00000,0x00000000f9c00000,0x00000000fc900000)
 ParOldGen       total 125952K, used 58993K [0x00000000d0000000, 0x00000000d7b00000, 0x00000000f0000000)
  object space 125952K, 46% used [0x00000000d0000000,0x00000000d399c4e8,0x00000000d7b00000)
 PSPermGen       total 84480K, used 55034K [0x00000000c0000000, 0x00000000c5280000, 0x00000000d0000000)
  object space 84480K, 65% used [0x00000000c0000000,0x00000000c35beb80,0x00000000c5280000)

