# JRE version: Java(TM) SE Runtime Environment (7.0_40-b43) (build 1.7.0_40-b43)
# Java VM: Java HotSpot(TM) 64-Bit Server VM (24.0-b56 mixed mode linux-amd64 compressed oops)
Heap
 PSYoungGen      total 205312K, used 10655K [0x00000000f0000000, 0x0000000100000000, 0x0000000100000000)
  eden space 154112K, 0% used [0x00000000f0000000,0x00000000f0000000,0x00000000f9680000)
  from space 51200K, 20% used [0x00000000f9680000,0x00000000fa0e7e88,0x00000000fc880000)
  to   space 50176K, 0% used [0x00000000fcf00000,0x00000000fcf00000,0x0000000100000000)
 ParOldGen       total 62464K, used 51053K [0x00000000d0000000, 0x00000000d3d00000, 0x00000000f0000000)
  object space 62464K, 81% used [0x00000000d0000000,0x00000000d31db468,0x00000000d3d00000)
 PSPermGen       total 46080K, used 46064K [0x00000000c0000000, 0x00000000c2d00000, 0x00000000d0000000)
  object space 46080K, 99% used [0x00000000c0000000,0x00000000c2cfc370,0x00000000c2d00000)
GC Heap History (10 events):
Event: 17.342 GC heap after
Heap after GC invocations=29 (full 2):
 PSYoungGen      total 201728K, used 36518K [0x00000000f0000000, 0x0000000100000000, 0x0000000100000000)
  eden space 164864K, 0% used [0x00000000f0000000,0x00000000f0000000,0x00000000fa100000)
  from space 36864K, 99% used [0x00000000fa100000,0x00000000fc4a99f0,0x00000000fc500000)
  to   space 52224K, 0% used [0x00000000fcd00000,0x00000000fcd00000,0x0000000100000000)
 ParOldGen       total 62464K, used 22407K [0x00000000d0000000, 0x00000000d3d00000, 0x00000000f0000000)
  object space 62464K, 35% used [0x00000000d0000000,0x00000000d15e1f70,0x00000000d3d00000)
 PSPermGen       total 40960K, used 40861K [0x00000000c0000000, 0x00000000c2800000, 0x00000000d0000000)
  object space 40960K, 99% used [0x00000000c0000000,0x00000000c27e7620,0x00000000c2800000)
}
Event: 17.746 GC heap before
{Heap before GC invocations=30 (full 2):
 PSYoungGen      total 201728K, used 199554K [0x00000000f0000000, 0x0000000100000000, 0x0000000100000000)
  eden space 164864K, 98% used [0x00000000f0000000,0x00000000f9f37068,0x00000000fa100000)
  from space 36864K, 99% used [0x00000000fa100000,0x00000000fc4a99f0,0x00000000fc500000)
  to   space 52224K, 0% used [0x00000000fcd00000,0x00000000fcd00000,0x0000000100000000)
 ParOldGen       total 62464K, used 22407K [0x00000000d0000000, 0x00000000d3d00000, 0x00000000f0000000)
  object space 62464K, 35% used [0x00000000d0000000,0x00000000d15e1f70,0x00000000d3d00000)
 PSPermGen       total 42496K, used 42203K [0x00000000c0000000, 0x00000000c2980000, 0x00000000d0000000)
  object space 42496K, 99% used [0x00000000c0000000,0x00000000c2936f38,0x00000000c2980000)
Event: 17.826 GC heap after
Heap after GC invocations=30 (full 2):
 PSYoungGen      total 205824K, used 35116K [0x00000000f0000000, 0x0000000100000000, 0x0000000100000000)
  eden space 153600K, 0% used [0x00000000f0000000,0x00000000f0000000,0x00000000f9600000)
  from space 52224K, 67% used [0x00000000fcd00000,0x00000000fef4b3a0,0x0000000100000000)
  to   space 54272K, 0% used [0x00000000f9600000,0x00000000f9600000,0x00000000fcb00000)
 ParOldGen       total 62464K, used 24657K [0x00000000d0000000, 0x00000000d3d00000, 0x00000000f0000000)
  object space 62464K, 39% used [0x00000000d0000000,0x00000000d1814470,0x00000000d3d00000)
 PSPermGen       total 42496K, used 42203K [0x00000000c0000000, 0x00000000c2980000, 0x00000000d0000000)
  object space 42496K, 99% used [0x00000000c0000000,0x00000000c2936f38,0x00000000c2980000)
}
Event: 18.296 GC heap before
{Heap before GC invocations=31 (full 2):
 PSYoungGen      total 205824K, used 188716K [0x00000000f0000000, 0x0000000100000000, 0x0000000100000000)
  eden space 153600K, 100% used [0x00000000f0000000,0x00000000f9600000,0x00000000f9600000)
  from space 52224K, 67% used [0x00000000fcd00000,0x00000000fef4b3a0,0x0000000100000000)
  to   space 54272K, 0% used [0x00000000f9600000,0x00000000f9600000,0x00000000fcb00000)
 ParOldGen       total 62464K, used 24657K [0x00000000d0000000, 0x00000000d3d00000, 0x00000000f0000000)
  object space 62464K, 39% used [0x00000000d0000000,0x00000000d1814470,0x00000000d3d00000)
 PSPermGen       total 44544K, used 44061K [0x00000000c0000000, 0x00000000c2b80000, 0x00000000d0000000)
  object space 44544K, 98% used [0x00000000c0000000,0x00000000c2b07638,0x00000000c2b80000)
Event: 18.350 GC heap after
Heap after GC invocations=31 (full 2):
 PSYoungGen      total 207872K, used 29421K [0x00000000f0000000, 0x0000000100000000, 0x0000000100000000)
  eden space 153600K, 0% used [0x00000000f0000000,0x00000000f0000000,0x00000000f9600000)
  from space 54272K, 54% used [0x00000000f9600000,0x00000000fb2bb5a0,0x00000000fcb00000)
  to   space 53760K, 0% used [0x00000000fcb80000,0x00000000fcb80000,0x0000000100000000)
 ParOldGen       total 62464K, used 31574K [0x00000000d0000000, 0x00000000d3d00000, 0x00000000f0000000)
  object space 62464K, 50% used [0x00000000d0000000,0x00000000d1ed5a60,0x00000000d3d00000)
 PSPermGen       total 44544K, used 44061K [0x00000000c0000000, 0x00000000c2b80000, 0x00000000d0000000)
  object space 44544K, 98% used [0x00000000c0000000,0x00000000c2b07638,0x00000000c2b80000)
}
Event: 18.686 GC heap before
{Heap before GC invocations=32 (full 2):
 PSYoungGen      total 207872K, used 174763K [0x00000000f0000000, 0x0000000100000000, 0x0000000100000000)
  eden space 153600K, 94% used [0x00000000f0000000,0x00000000f8def820,0x00000000f9600000)
  from space 54272K, 54% used [0x00000000f9600000,0x00000000fb2bb5a0,0x00000000fcb00000)
  to   space 53760K, 0% used [0x00000000fcb80000,0x00000000fcb80000,0x0000000100000000)
 ParOldGen       total 62464K, used 31574K [0x00000000d0000000, 0x00000000d3d00000, 0x00000000f0000000)
  object space 62464K, 50% used [0x00000000d0000000,0x00000000d1ed5a60,0x00000000d3d00000)
 PSPermGen       total 46080K, used 45663K [0x00000000c0000000, 0x00000000c2d00000, 0x00000000d0000000)
  object space 46080K, 99% used [0x00000000c0000000,0x00000000c2c97eb8,0x00000000c2d00000)
Event: 18.752 GC heap after
Heap after GC invocations=32 (full 2):
 PSYoungGen      total 202240K, used 21631K [0x00000000f0000000, 0x00000000ffa80000, 0x0000000100000000)
  eden space 154112K, 0% used [0x00000000f0000000,0x00000000f0000000,0x00000000f9680000)
  from space 48128K, 44% used [0x00000000fcb80000,0x00000000fe09ff68,0x00000000ffa80000)
  to   space 51200K, 0% used [0x00000000f9680000,0x00000000f9680000,0x00000000fc880000)
 ParOldGen       total 62464K, used 40510K [0x00000000d0000000, 0x00000000d3d00000, 0x00000000f0000000)
  object space 62464K, 64% used [0x00000000d0000000,0x00000000d278fb08,0x00000000d3d00000)
 PSPermGen       total 46080K, used 45663K [0x00000000c0000000, 0x00000000c2d00000, 0x00000000d0000000)
  object space 46080K, 99% used [0x00000000c0000000,0x00000000c2c97eb8,0x00000000c2d00000)
}
Event: 18.982 GC heap before
{Heap before GC invocations=33 (full 2):
 PSYoungGen      total 202240K, used 172347K [0x00000000f0000000, 0x00000000ffa80000, 0x0000000100000000)
  eden space 154112K, 97% used [0x00000000f0000000,0x00000000f932efc0,0x00000000f9680000)
  from space 48128K, 44% used [0x00000000fcb80000,0x00000000fe09ff68,0x00000000ffa80000)
  to   space 51200K, 0% used [0x00000000f9680000,0x00000000f9680000,0x00000000fc880000)
 ParOldGen       total 62464K, used 40510K [0x00000000d0000000, 0x00000000d3d00000, 0x00000000f0000000)
  object space 62464K, 64% used [0x00000000d0000000,0x00000000d278fb08,0x00000000d3d00000)
 PSPermGen       total 46080K, used 46064K [0x00000000c0000000, 0x00000000c2d00000, 0x00000000d0000000)
  object space 46080K, 99% used [0x00000000c0000000,0x00000000c2cfc370,0x00000000c2d00000)
Event: 19.043 GC heap after
Heap after GC invocations=33 (full 2):
 PSYoungGen      total 205312K, used 10655K [0x00000000f0000000, 0x0000000100000000, 0x0000000100000000)
  eden space 154112K, 0% used [0x00000000f0000000,0x00000000f0000000,0x00000000f9680000)
  from space 51200K, 20% used [0x00000000f9680000,0x00000000fa0e7e88,0x00000000fc880000)
  to   space 50176K, 0% used [0x00000000fcf00000,0x00000000fcf00000,0x0000000100000000)
 ParOldGen       total 62464K, used 51053K [0x00000000d0000000, 0x00000000d3d00000, 0x00000000f0000000)
  object space 62464K, 81% used [0x00000000d0000000,0x00000000d31db468,0x00000000d3d00000)
 PSPermGen       total 46080K, used 46064K [0x00000000c0000000, 0x00000000c2d00000, 0x00000000d0000000)
  object space 46080K, 99% used [0x00000000c0000000,0x00000000c2cfc370,0x00000000c2d00000)
}
Event: 19.043 GC heap before
{Heap before GC invocations=34 (full 3):
 PSYoungGen      total 205312K, used 10655K [0x00000000f0000000, 0x0000000100000000, 0x0000000100000000)
  eden space 154112K, 0% used [0x00000000f0000000,0x00000000f0000000,0x00000000f9680000)
  from space 51200K, 20% used [0x00000000f9680000,0x00000000fa0e7e88,0x00000000fc880000)
  to   space 50176K, 0% used [0x00000000fcf00000,0x00000000fcf00000,0x0000000100000000)
 ParOldGen       total 62464K, used 51053K [0x00000000d0000000, 0x00000000d3d00000, 0x00000000f0000000)
  object space 62464K, 81% used [0x00000000d0000000,0x00000000d31db468,0x00000000d3d00000)
 PSPermGen       total 46080K, used 46064K [0x00000000c0000000, 0x00000000c2d00000, 0x00000000d0000000)
  object space 46080K, 99% used [0x00000000c0000000,0x00000000c2cfc370,0x00000000c2d00000)

