# JRE version: Java(TM) SE Runtime Environment (7.0_40-b43) (build 1.7.0_40-b43)
# Java VM: Java HotSpot(TM) 64-Bit Server VM (24.0-b56 mixed mode linux-amd64 compressed oops)
Heap
 PSYoungGen      total 210432K, used 160172K [0x00000000f0000000, 0x0000000100000000, 0x0000000100000000)
  eden space 158720K, 93% used [0x00000000f0000000,0x00000000f9109590,0x00000000f9b00000)
  from space 51712K, 22% used [0x00000000fcb80000,0x00000000fd6e1bb8,0x00000000ffe00000)
  to   space 49664K, 0% used [0x00000000f9b00000,0x00000000f9b00000,0x00000000fcb80000)
 ParOldGen       total 138240K, used 107201K [0x00000000d0000000, 0x00000000d8700000, 0x00000000f0000000)
  object space 138240K, 77% used [0x00000000d0000000,0x00000000d68b0668,0x00000000d8700000)
 PSPermGen       total 93696K, used 72954K [0x00000000c0000000, 0x00000000c5b80000, 0x00000000d0000000)
  object space 93696K, 77% used [0x00000000c0000000,0x00000000c473eb70,0x00000000c5b80000)
GC Heap History (10 events):
Event: 27.807 GC heap before
{Heap before GC invocations=51 (full 3):
 PSYoungGen      total 203776K, used 155146K [0x00000000f0000000, 0x0000000100000000, 0x0000000100000000)
  eden space 150528K, 93% used [0x00000000f0000000,0x00000000f8a00f28,0x00000000f9300000)
  from space 53248K, 25% used [0x00000000f9300000,0x00000000fa0819e0,0x00000000fc700000)
  to   space 52736K, 0% used [0x00000000fcc80000,0x00000000fcc80000,0x0000000100000000)
 ParOldGen       total 138240K, used 94395K [0x00000000d0000000, 0x00000000d8700000, 0x00000000f0000000)
  object space 138240K, 68% used [0x00000000d0000000,0x00000000d5c2ee20,0x00000000d8700000)
 PSPermGen       total 93696K, used 66718K [0x00000000c0000000, 0x00000000c5b80000, 0x00000000d0000000)
  object space 93696K, 71% used [0x00000000c0000000,0x00000000c4127930,0x00000000c5b80000)
Event: 27.832 GC heap after
Heap after GC invocations=51 (full 3):
 PSYoungGen      total 208384K, used 8784K [0x00000000f0000000, 0x00000000fff80000, 0x0000000100000000)
  eden space 156160K, 0% used [0x00000000f0000000,0x00000000f0000000,0x00000000f9880000)
  from space 52224K, 16% used [0x00000000fcc80000,0x00000000fd514350,0x00000000fff80000)
  to   space 52736K, 0% used [0x00000000f9880000,0x00000000f9880000,0x00000000fcc00000)
 ParOldGen       total 138240K, used 100883K [0x00000000d0000000, 0x00000000d8700000, 0x00000000f0000000)
  object space 138240K, 72% used [0x00000000d0000000,0x00000000d6284c28,0x00000000d8700000)
 PSPermGen       total 93696K, used 66718K [0x00000000c0000000, 0x00000000c5b80000, 0x00000000d0000000)
  object space 93696K, 71% used [0x00000000c0000000,0x00000000c4127930,0x00000000c5b80000)
}
Event: 45.126 GC heap before
{Heap before GC invocations=52 (full 3):
 PSYoungGen      total 208384K, used 158429K [0x00000000f0000000, 0x00000000fff80000, 0x0000000100000000)
  eden space 156160K, 95% used [0x00000000f0000000,0x00000000f9223200,0x00000000f9880000)
  from space 52224K, 16% used [0x00000000fcc80000,0x00000000fd514350,0x00000000fff80000)
  to   space 52736K, 0% used [0x00000000f9880000,0x00000000f9880000,0x00000000fcc00000)
 ParOldGen       total 138240K, used 100883K [0x00000000d0000000, 0x00000000d8700000, 0x00000000f0000000)
  object space 138240K, 72% used [0x00000000d0000000,0x00000000d6284c28,0x00000000d8700000)
 PSPermGen       total 93696K, used 67465K [0x00000000c0000000, 0x00000000c5b80000, 0x00000000d0000000)
  object space 93696K, 72% used [0x00000000c0000000,0x00000000c41e2450,0x00000000c5b80000)
Event: 45.144 GC heap after
Heap after GC invocations=52 (full 3):
 PSYoungGen      total 208896K, used 4640K [0x00000000f0000000, 0x0000000100000000, 0x0000000100000000)
  eden space 156160K, 0% used [0x00000000f0000000,0x00000000f0000000,0x00000000f9880000)
  from space 52736K, 8% used [0x00000000f9880000,0x00000000f9d08060,0x00000000fcc00000)
  to   space 53248K, 0% used [0x00000000fcc00000,0x00000000fcc00000,0x0000000100000000)
 ParOldGen       total 138240K, used 105875K [0x00000000d0000000, 0x00000000d8700000, 0x00000000f0000000)
  object space 138240K, 76% used [0x00000000d0000000,0x00000000d6764fc8,0x00000000d8700000)
 PSPermGen       total 93696K, used 67465K [0x00000000c0000000, 0x00000000c5b80000, 0x00000000d0000000)
  object space 93696K, 72% used [0x00000000c0000000,0x00000000c41e2450,0x00000000c5b80000)
}
Event: 45.829 GC heap before
{Heap before GC invocations=53 (full 3):
 PSYoungGen      total 208896K, used 160800K [0x00000000f0000000, 0x0000000100000000, 0x0000000100000000)
  eden space 156160K, 100% used [0x00000000f0000000,0x00000000f9880000,0x00000000f9880000)
  from space 52736K, 8% used [0x00000000f9880000,0x00000000f9d08060,0x00000000fcc00000)
  to   space 53248K, 0% used [0x00000000fcc00000,0x00000000fcc00000,0x0000000100000000)
 ParOldGen       total 138240K, used 105875K [0x00000000d0000000, 0x00000000d8700000, 0x00000000f0000000)
  object space 138240K, 76% used [0x00000000d0000000,0x00000000d6764fc8,0x00000000d8700000)
 PSPermGen       total 93696K, used 68488K [0x00000000c0000000, 0x00000000c5b80000, 0x00000000d0000000)
  object space 93696K, 73% used [0x00000000c0000000,0x00000000c42e2048,0x00000000c5b80000)
Event: 45.852 GC heap after
Heap after GC invocations=53 (full 3):
 PSYoungGen      total 208896K, used 5311K [0x00000000f0000000, 0x00000000fff80000, 0x0000000100000000)
  eden space 156160K, 0% used [0x00000000f0000000,0x00000000f0000000,0x00000000f9880000)
  from space 52736K, 10% used [0x00000000fcc00000,0x00000000fd12fd00,0x00000000fff80000)
  to   space 52736K, 0% used [0x00000000f9880000,0x00000000f9880000,0x00000000fcc00000)
 ParOldGen       total 138240K, used 107201K [0x00000000d0000000, 0x00000000d8700000, 0x00000000f0000000)
  object space 138240K, 77% used [0x00000000d0000000,0x00000000d68b0668,0x00000000d8700000)
 PSPermGen       total 93696K, used 68488K [0x00000000c0000000, 0x00000000c5b80000, 0x00000000d0000000)
  object space 93696K, 73% used [0x00000000c0000000,0x00000000c42e2048,0x00000000c5b80000)
}
Event: 58.860 GC heap before
{Heap before GC invocations=54 (full 3):
 PSYoungGen      total 208896K, used 154611K [0x00000000f0000000, 0x00000000fff80000, 0x0000000100000000)
  eden space 156160K, 95% used [0x00000000f0000000,0x00000000f91cd150,0x00000000f9880000)
  from space 52736K, 10% used [0x00000000fcc00000,0x00000000fd12fd00,0x00000000fff80000)
  to   space 52736K, 0% used [0x00000000f9880000,0x00000000f9880000,0x00000000fcc00000)
 ParOldGen       total 138240K, used 107201K [0x00000000d0000000, 0x00000000d8700000, 0x00000000f0000000)
  object space 138240K, 77% used [0x00000000d0000000,0x00000000d68b0668,0x00000000d8700000)
 PSPermGen       total 93696K, used 69544K [0x00000000c0000000, 0x00000000c5b80000, 0x00000000d0000000)
  object space 93696K, 74% used [0x00000000c0000000,0x00000000c43ea3d0,0x00000000c5b80000)
Event: 58.878 GC heap after
Heap after GC invocations=54 (full 3):
 PSYoungGen      total 164864K, used 8377K [0x00000000f0000000, 0x00000000ffe00000, 0x0000000100000000)
  eden space 156160K, 0% used [0x00000000f0000000,0x00000000f0000000,0x00000000f9880000)
  from space 8704K, 96% used [0x00000000f9880000,0x00000000fa0ae4c8,0x00000000fa100000)
  to   space 51712K, 0% used [0x00000000fcb80000,0x00000000fcb80000,0x00000000ffe00000)
 ParOldGen       total 138240K, used 107201K [0x00000000d0000000, 0x00000000d8700000, 0x00000000f0000000)
  object space 138240K, 77% used [0x00000000d0000000,0x00000000d68b0668,0x00000000d8700000)
 PSPermGen       total 93696K, used 69544K [0x00000000c0000000, 0x00000000c5b80000, 0x00000000d0000000)
  object space 93696K, 74% used [0x00000000c0000000,0x00000000c43ea3d0,0x00000000c5b80000)
}
Event: 59.992 GC heap before
{Heap before GC invocations=55 (full 3):
 PSYoungGen      total 164864K, used 164537K [0x00000000f0000000, 0x00000000ffe00000, 0x0000000100000000)
  eden space 156160K, 100% used [0x00000000f0000000,0x00000000f9880000,0x00000000f9880000)
  from space 8704K, 96% used [0x00000000f9880000,0x00000000fa0ae4c8,0x00000000fa100000)
  to   space 51712K, 0% used [0x00000000fcb80000,0x00000000fcb80000,0x00000000ffe00000)
 ParOldGen       total 138240K, used 107201K [0x00000000d0000000, 0x00000000d8700000, 0x00000000f0000000)
  object space 138240K, 77% used [0x00000000d0000000,0x00000000d68b0668,0x00000000d8700000)
 PSPermGen       total 93696K, used 71209K [0x00000000c0000000, 0x00000000c5b80000, 0x00000000d0000000)
  object space 93696K, 76% used [0x00000000c0000000,0x00000000c458a630,0x00000000c5b80000)
Event: 60.035 GC heap after
Heap after GC invocations=55 (full 3):
 PSYoungGen      total 210432K, used 11654K [0x00000000f0000000, 0x0000000100000000, 0x0000000100000000)
  eden space 158720K, 0% used [0x00000000f0000000,0x00000000f0000000,0x00000000f9b00000)
  from space 51712K, 22% used [0x00000000fcb80000,0x00000000fd6e1bb8,0x00000000ffe00000)
  to   space 49664K, 0% used [0x00000000f9b00000,0x00000000f9b00000,0x00000000fcb80000)
 ParOldGen       total 138240K, used 107201K [0x00000000d0000000, 0x00000000d8700000, 0x00000000f0000000)
  object space 138240K, 77% used [0x00000000d0000000,0x00000000d68b0668,0x00000000d8700000)
 PSPermGen       total 93696K, used 71209K [0x00000000c0000000, 0x00000000c5b80000, 0x00000000d0000000)
  object space 93696K, 76% used [0x00000000c0000000,0x00000000c458a630,0x00000000c5b80000)
}

