# JRE version: Java(TM) SE Runtime Environment (7.0_40-b43) (build 1.7.0_40-b43)
# Java VM: Java HotSpot(TM) 64-Bit Server VM (24.0-b56 mixed mode linux-amd64 compressed oops)
Heap
 PSYoungGen      total 45056K, used 10613K [0x00000000f0000000, 0x00000000f3b00000, 0x0000000100000000)
  eden space 39936K, 25% used [0x00000000f0000000,0x00000000f09cd428,0x00000000f2700000)
  from space 5120K, 11% used [0x00000000f2700000,0x00000000f2790218,0x00000000f2c00000)
  to   space 5120K, 0% used [0x00000000f3600000,0x00000000f3600000,0x00000000f3b00000)
 ParOldGen       total 63488K, used 7949K [0x00000000d0000000, 0x00000000d3e00000, 0x00000000f0000000)
  object space 63488K, 12% used [0x00000000d0000000,0x00000000d07c3440,0x00000000d3e00000)
 PSPermGen       total 21504K, used 10520K [0x00000000c0000000, 0x00000000c1500000, 0x00000000d0000000)
  object space 21504K, 48% used [0x00000000c0000000,0x00000000c0a463e8,0x00000000c1500000)
GC Heap History (10 events):
Event: 1.359 GC heap before
{Heap before GC invocations=5 (full 1):
 PSYoungGen      total 28672K, used 26269K [0x00000000f0000000, 0x00000000f2400000, 0x0000000100000000)
  eden space 27136K, 91% used [0x00000000f0000000,0x00000000f18561f8,0x00000000f1a80000)
  from space 1536K, 87% used [0x00000000f2000000,0x00000000f2151240,0x00000000f2180000)
  to   space 2560K, 0% used [0x00000000f2180000,0x00000000f2180000,0x00000000f2400000)
 ParOldGen       total 95232K, used 91762K [0x00000000d0000000, 0x00000000d5d00000, 0x00000000f0000000)
  object space 95232K, 96% used [0x00000000d0000000,0x00000000d599c968,0x00000000d5d00000)
 PSPermGen       total 21504K, used 9184K [0x00000000c0000000, 0x00000000c1500000, 0x00000000d0000000)
  object space 21504K, 42% used [0x00000000c0000000,0x00000000c08f8040,0x00000000c1500000)
Event: 1.371 GC heap after
Heap after GC invocations=5 (full 1):
 PSYoungGen      total 34304K, used 2225K [0x00000000f0000000, 0x00000000f2800000, 0x0000000100000000)
  eden space 31744K, 0% used [0x00000000f0000000,0x00000000f0000000,0x00000000f1f00000)
  from space 2560K, 86% used [0x00000000f2180000,0x00000000f23ac700,0x00000000f2400000)
  to   space 2560K, 0% used [0x00000000f1f00000,0x00000000f1f00000,0x00000000f2180000)
 ParOldGen       total 95232K, used 91762K [0x00000000d0000000, 0x00000000d5d00000, 0x00000000f0000000)
  object space 95232K, 96% used [0x00000000d0000000,0x00000000d599c968,0x00000000d5d00000)
 PSPermGen       total 21504K, used 9184K [0x00000000c0000000, 0x00000000c1500000, 0x00000000d0000000)
  object space 21504K, 42% used [0x00000000c0000000,0x00000000c08f8040,0x00000000c1500000)
}
Event: 1.729 GC heap before
{Heap before GC invocations=6 (full 1):
 PSYoungGen      total 34304K, used 28132K [0x00000000f0000000, 0x00000000f2800000, 0x0000000100000000)
  eden space 31744K, 81% used [0x00000000f0000000,0x00000000f194cb58,0x00000000f1f00000)
  from space 2560K, 86% used [0x00000000f2180000,0x00000000f23ac700,0x00000000f2400000)
  to   space 2560K, 0% used [0x00000000f1f00000,0x00000000f1f00000,0x00000000f2180000)
 ParOldGen       total 95232K, used 91762K [0x00000000d0000000, 0x00000000d5d00000, 0x00000000f0000000)
  object space 95232K, 96% used [0x00000000d0000000,0x00000000d599c968,0x00000000d5d00000)
 PSPermGen       total 21504K, used 9651K [0x00000000c0000000, 0x00000000c1500000, 0x00000000d0000000)
  object space 21504K, 44% used [0x00000000c0000000,0x00000000c096cc00,0x00000000c1500000)
Event: 1.745 GC heap after
Heap after GC invocations=6 (full 1):
 PSYoungGen      total 34304K, used 2548K [0x00000000f0000000, 0x00000000f3380000, 0x0000000100000000)
  eden space 31744K, 0% used [0x00000000f0000000,0x00000000f0000000,0x00000000f1f00000)
  from space 2560K, 99% used [0x00000000f1f00000,0x00000000f217d390,0x00000000f2180000)
  to   space 5120K, 0% used [0x00000000f2e80000,0x00000000f2e80000,0x00000000f3380000)
 ParOldGen       total 95232K, used 93120K [0x00000000d0000000, 0x00000000d5d00000, 0x00000000f0000000)
  object space 95232K, 97% used [0x00000000d0000000,0x00000000d5af0208,0x00000000d5d00000)
 PSPermGen       total 21504K, used 9651K [0x00000000c0000000, 0x00000000c1500000, 0x00000000d0000000)
  object space 21504K, 44% used [0x00000000c0000000,0x00000000c096cc00,0x00000000c1500000)
}
Event: 1.745 GC heap before
{Heap before GC invocations=7 (full 2):
 PSYoungGen      total 34304K, used 2548K [0x00000000f0000000, 0x00000000f3380000, 0x0000000100000000)
  eden space 31744K, 0% used [0x00000000f0000000,0x00000000f0000000,0x00000000f1f00000)
  from space 2560K, 99% used [0x00000000f1f00000,0x00000000f217d390,0x00000000f2180000)
  to   space 5120K, 0% used [0x00000000f2e80000,0x00000000f2e80000,0x00000000f3380000)
 ParOldGen       total 95232K, used 93120K [0x00000000d0000000, 0x00000000d5d00000, 0x00000000f0000000)
  object space 95232K, 97% used [0x00000000d0000000,0x00000000d5af0208,0x00000000d5d00000)
 PSPermGen       total 21504K, used 9651K [0x00000000c0000000, 0x00000000c1500000, 0x00000000d0000000)
  object space 21504K, 44% used [0x00000000c0000000,0x00000000c096cc00,0x00000000c1500000)
Event: 1.867 GC heap after
Heap after GC invocations=7 (full 2):
 PSYoungGen      total 34304K, used 0K [0x00000000f0000000, 0x00000000f3380000, 0x0000000100000000)
  eden space 31744K, 0% used [0x00000000f0000000,0x00000000f0000000,0x00000000f1f00000)
  from space 2560K, 0% used [0x00000000f1f00000,0x00000000f1f00000,0x00000000f2180000)
  to   space 5120K, 0% used [0x00000000f2e80000,0x00000000f2e80000,0x00000000f3380000)
 ParOldGen       total 63488K, used 7949K [0x00000000d0000000, 0x00000000d3e00000, 0x00000000f0000000)
  object space 63488K, 12% used [0x00000000d0000000,0x00000000d07c3440,0x00000000d3e00000)
 PSPermGen       total 21504K, used 9649K [0x00000000c0000000, 0x00000000c1500000, 0x00000000d0000000)
  object space 21504K, 44% used [0x00000000c0000000,0x00000000c096c7b8,0x00000000c1500000)
}
Event: 1.952 GC heap before
{Heap before GC invocations=8 (full 2):
 PSYoungGen      total 34304K, used 31043K [0x00000000f0000000, 0x00000000f3380000, 0x0000000100000000)
  eden space 31744K, 97% used [0x00000000f0000000,0x00000000f1e50c28,0x00000000f1f00000)
  from space 2560K, 0% used [0x00000000f1f00000,0x00000000f1f00000,0x00000000f2180000)
  to   space 5120K, 0% used [0x00000000f2e80000,0x00000000f2e80000,0x00000000f3380000)
 ParOldGen       total 63488K, used 7949K [0x00000000d0000000, 0x00000000d3e00000, 0x00000000f0000000)
  object space 63488K, 12% used [0x00000000d0000000,0x00000000d07c3440,0x00000000d3e00000)
 PSPermGen       total 21504K, used 10032K [0x00000000c0000000, 0x00000000c1500000, 0x00000000d0000000)
  object space 21504K, 46% used [0x00000000c0000000,0x00000000c09cc2f0,0x00000000c1500000)
Event: 1.958 GC heap after
Heap after GC invocations=8 (full 2):
 PSYoungGen      total 42496K, used 370K [0x00000000f0000000, 0x00000000f3100000, 0x0000000100000000)
  eden space 39936K, 0% used [0x00000000f0000000,0x00000000f0000000,0x00000000f2700000)
  from space 2560K, 14% used [0x00000000f2e80000,0x00000000f2edc8a8,0x00000000f3100000)
  to   space 5120K, 0% used [0x00000000f2700000,0x00000000f2700000,0x00000000f2c00000)
 ParOldGen       total 63488K, used 7949K [0x00000000d0000000, 0x00000000d3e00000, 0x00000000f0000000)
  object space 63488K, 12% used [0x00000000d0000000,0x00000000d07c3440,0x00000000d3e00000)
 PSPermGen       total 21504K, used 10032K [0x00000000c0000000, 0x00000000c1500000, 0x00000000d0000000)
  object space 21504K, 46% used [0x00000000c0000000,0x00000000c09cc2f0,0x00000000c1500000)
}
Event: 2.012 GC heap before
{Heap before GC invocations=9 (full 2):
 PSYoungGen      total 42496K, used 31505K [0x00000000f0000000, 0x00000000f3100000, 0x0000000100000000)
  eden space 39936K, 77% used [0x00000000f0000000,0x00000000f1e67e10,0x00000000f2700000)
  from space 2560K, 14% used [0x00000000f2e80000,0x00000000f2edc8a8,0x00000000f3100000)
  to   space 5120K, 0% used [0x00000000f2700000,0x00000000f2700000,0x00000000f2c00000)
 ParOldGen       total 63488K, used 7949K [0x00000000d0000000, 0x00000000d3e00000, 0x00000000f0000000)
  object space 63488K, 12% used [0x00000000d0000000,0x00000000d07c3440,0x00000000d3e00000)
 PSPermGen       total 21504K, used 10479K [0x00000000c0000000, 0x00000000c1500000, 0x00000000d0000000)
  object space 21504K, 48% used [0x00000000c0000000,0x00000000c0a3be80,0x00000000c1500000)
Event: 2.014 GC heap after
Heap after GC invocations=9 (full 2):
 PSYoungGen      total 45056K, used 576K [0x00000000f0000000, 0x00000000f3b00000, 0x0000000100000000)
  eden space 39936K, 0% used [0x00000000f0000000,0x00000000f0000000,0x00000000f2700000)
  from space 5120K, 11% used [0x00000000f2700000,0x00000000f2790218,0x00000000f2c00000)
  to   space 5120K, 0% used [0x00000000f3600000,0x00000000f3600000,0x00000000f3b00000)
 ParOldGen       total 63488K, used 7949K [0x00000000d0000000, 0x00000000d3e00000, 0x00000000f0000000)
  object space 63488K, 12% used [0x00000000d0000000,0x00000000d07c3440,0x00000000d3e00000)
 PSPermGen       total 21504K, used 10479K [0x00000000c0000000, 0x00000000c1500000, 0x00000000d0000000)
  object space 21504K, 48% used [0x00000000c0000000,0x00000000c0a3be80,0x00000000c1500000)
}

