# JRE version: Java(TM) SE Runtime Environment (7.0_40-b43) (build 1.7.0_40-b43)
# Java VM: Java HotSpot(TM) 64-Bit Server VM (24.0-b56 mixed mode linux-amd64 compressed oops)
Heap
 PSYoungGen      total 221696K, used 139426K [0x00000000f0000000, 0x00000000fff00000, 0x0000000100000000)
  eden space 183808K, 70% used [0x00000000f0000000,0x00000000f7f710b8,0x00000000fb380000)
  from space 37888K, 23% used [0x00000000fb380000,0x00000000fbc37940,0x00000000fd880000)
  to   space 37376K, 0% used [0x00000000fda80000,0x00000000fda80000,0x00000000fff00000)
 ParOldGen       total 129536K, used 102011K [0x00000000d0000000, 0x00000000d7e80000, 0x00000000f0000000)
  object space 129536K, 78% used [0x00000000d0000000,0x00000000d639ee60,0x00000000d7e80000)
 PSPermGen       total 86528K, used 68765K [0x00000000c0000000, 0x00000000c5480000, 0x00000000d0000000)
  object space 86528K, 79% used [0x00000000c0000000,0x00000000c4327698,0x00000000c5480000)
GC Heap History (10 events):
Event: 26.328 GC heap before
{Heap before GC invocations=46 (full 3):
 PSYoungGen      total 215040K, used 183353K [0x00000000f0000000, 0x00000000ffa80000, 0x0000000100000000)
  eden space 173568K, 96% used [0x00000000f0000000,0x00000000fa3b3468,0x00000000fa980000)
  from space 41472K, 37% used [0x00000000fd200000,0x00000000fe15b208,0x00000000ffa80000)
  to   space 41472K, 0% used [0x00000000fa980000,0x00000000fa980000,0x00000000fd200000)
 ParOldGen       total 129536K, used 85595K [0x00000000d0000000, 0x00000000d7e80000, 0x00000000f0000000)
  object space 129536K, 66% used [0x00000000d0000000,0x00000000d5396ee8,0x00000000d7e80000)
 PSPermGen       total 86528K, used 61935K [0x00000000c0000000, 0x00000000c5480000, 0x00000000d0000000)
  object space 86528K, 71% used [0x00000000c0000000,0x00000000c3c7bf20,0x00000000c5480000)
Event: 26.354 GC heap after
Heap after GC invocations=46 (full 3):
 PSYoungGen      total 215040K, used 11572K [0x00000000f0000000, 0x00000000ffd00000, 0x0000000100000000)
  eden space 173568K, 0% used [0x00000000f0000000,0x00000000f0000000,0x00000000fa980000)
  from space 41472K, 27% used [0x00000000fa980000,0x00000000fb4cd320,0x00000000fd200000)
  to   space 39936K, 0% used [0x00000000fd600000,0x00000000fd600000,0x00000000ffd00000)
 ParOldGen       total 129536K, used 91846K [0x00000000d0000000, 0x00000000d7e80000, 0x00000000f0000000)
  object space 129536K, 70% used [0x00000000d0000000,0x00000000d59b1808,0x00000000d7e80000)
 PSPermGen       total 86528K, used 61935K [0x00000000c0000000, 0x00000000c5480000, 0x00000000d0000000)
  object space 86528K, 71% used [0x00000000c0000000,0x00000000c3c7bf20,0x00000000c5480000)
}
Event: 27.021 GC heap before
{Heap before GC invocations=47 (full 3):
 PSYoungGen      total 215040K, used 177686K [0x00000000f0000000, 0x00000000ffd00000, 0x0000000100000000)
  eden space 173568K, 95% used [0x00000000f0000000,0x00000000fa238830,0x00000000fa980000)
  from space 41472K, 27% used [0x00000000fa980000,0x00000000fb4cd320,0x00000000fd200000)
  to   space 39936K, 0% used [0x00000000fd600000,0x00000000fd600000,0x00000000ffd00000)
 ParOldGen       total 129536K, used 91846K [0x00000000d0000000, 0x00000000d7e80000, 0x00000000f0000000)
  object space 129536K, 70% used [0x00000000d0000000,0x00000000d59b1808,0x00000000d7e80000)
 PSPermGen       total 86528K, used 64307K [0x00000000c0000000, 0x00000000c5480000, 0x00000000d0000000)
  object space 86528K, 74% used [0x00000000c0000000,0x00000000c3eccc00,0x00000000c5480000)
Event: 27.043 GC heap after
Heap after GC invocations=47 (full 3):
 PSYoungGen      total 219648K, used 10617K [0x00000000f0000000, 0x00000000ffd80000, 0x0000000100000000)
  eden space 179712K, 0% used [0x00000000f0000000,0x00000000f0000000,0x00000000faf80000)
  from space 39936K, 26% used [0x00000000fd600000,0x00000000fe05e4b8,0x00000000ffd00000)
  to   space 39424K, 0% used [0x00000000faf80000,0x00000000faf80000,0x00000000fd600000)
 ParOldGen       total 129536K, used 96623K [0x00000000d0000000, 0x00000000d7e80000, 0x00000000f0000000)
  object space 129536K, 74% used [0x00000000d0000000,0x00000000d5e5bc50,0x00000000d7e80000)
 PSPermGen       total 86528K, used 64307K [0x00000000c0000000, 0x00000000c5480000, 0x00000000d0000000)
  object space 86528K, 74% used [0x00000000c0000000,0x00000000c3eccc00,0x00000000c5480000)
}
Event: 27.531 GC heap before
{Heap before GC invocations=48 (full 3):
 PSYoungGen      total 219648K, used 181843K [0x00000000f0000000, 0x00000000ffd80000, 0x0000000100000000)
  eden space 179712K, 95% used [0x00000000f0000000,0x00000000fa736848,0x00000000faf80000)
  from space 39936K, 26% used [0x00000000fd600000,0x00000000fe05e4b8,0x00000000ffd00000)
  to   space 39424K, 0% used [0x00000000faf80000,0x00000000faf80000,0x00000000fd600000)
 ParOldGen       total 129536K, used 96623K [0x00000000d0000000, 0x00000000d7e80000, 0x00000000f0000000)
  object space 129536K, 74% used [0x00000000d0000000,0x00000000d5e5bc50,0x00000000d7e80000)
 PSPermGen       total 86528K, used 65776K [0x00000000c0000000, 0x00000000c5480000, 0x00000000d0000000)
  object space 86528K, 76% used [0x00000000c0000000,0x00000000c403c330,0x00000000c5480000)
Event: 27.563 GC heap after
Heap after GC invocations=48 (full 3):
 PSYoungGen      total 219136K, used 22082K [0x00000000f0000000, 0x00000000ffe80000, 0x0000000100000000)
  eden space 179712K, 0% used [0x00000000f0000000,0x00000000f0000000,0x00000000faf80000)
  from space 39424K, 56% used [0x00000000faf80000,0x00000000fc510828,0x00000000fd600000)
  to   space 38912K, 0% used [0x00000000fd880000,0x00000000fd880000,0x00000000ffe80000)
 ParOldGen       total 129536K, used 96623K [0x00000000d0000000, 0x00000000d7e80000, 0x00000000f0000000)
  object space 129536K, 74% used [0x00000000d0000000,0x00000000d5e5bc50,0x00000000d7e80000)
 PSPermGen       total 86528K, used 65776K [0x00000000c0000000, 0x00000000c5480000, 0x00000000d0000000)
  object space 86528K, 76% used [0x00000000c0000000,0x00000000c403c330,0x00000000c5480000)
}
Event: 27.870 GC heap before
{Heap before GC invocations=49 (full 3):
 PSYoungGen      total 219136K, used 193078K [0x00000000f0000000, 0x00000000ffe80000, 0x0000000100000000)
  eden space 179712K, 95% used [0x00000000f0000000,0x00000000fa6fd310,0x00000000faf80000)
  from space 39424K, 56% used [0x00000000faf80000,0x00000000fc510828,0x00000000fd600000)
  to   space 38912K, 0% used [0x00000000fd880000,0x00000000fd880000,0x00000000ffe80000)
 ParOldGen       total 129536K, used 96623K [0x00000000d0000000, 0x00000000d7e80000, 0x00000000f0000000)
  object space 129536K, 74% used [0x00000000d0000000,0x00000000d5e5bc50,0x00000000d7e80000)
 PSPermGen       total 86528K, used 67196K [0x00000000c0000000, 0x00000000c5480000, 0x00000000d0000000)
  object space 86528K, 77% used [0x00000000c0000000,0x00000000c419f0d8,0x00000000c5480000)
Event: 27.896 GC heap after
Heap after GC invocations=49 (full 3):
 PSYoungGen      total 221696K, used 9877K [0x00000000f0000000, 0x00000000ffd80000, 0x0000000100000000)
  eden space 183808K, 0% used [0x00000000f0000000,0x00000000f0000000,0x00000000fb380000)
  from space 37888K, 26% used [0x00000000fd880000,0x00000000fe225770,0x00000000ffd80000)
  to   space 37888K, 0% used [0x00000000fb380000,0x00000000fb380000,0x00000000fd880000)
 ParOldGen       total 129536K, used 100631K [0x00000000d0000000, 0x00000000d7e80000, 0x00000000f0000000)
  object space 129536K, 77% used [0x00000000d0000000,0x00000000d6245e40,0x00000000d7e80000)
 PSPermGen       total 86528K, used 67196K [0x00000000c0000000, 0x00000000c5480000, 0x00000000d0000000)
  object space 86528K, 77% used [0x00000000c0000000,0x00000000c419f0d8,0x00000000c5480000)
}
Event: 28.245 GC heap before
{Heap before GC invocations=50 (full 3):
 PSYoungGen      total 221696K, used 193685K [0x00000000f0000000, 0x00000000ffd80000, 0x0000000100000000)
  eden space 183808K, 100% used [0x00000000f0000000,0x00000000fb380000,0x00000000fb380000)
  from space 37888K, 26% used [0x00000000fd880000,0x00000000fe225770,0x00000000ffd80000)
  to   space 37888K, 0% used [0x00000000fb380000,0x00000000fb380000,0x00000000fd880000)
 ParOldGen       total 129536K, used 100631K [0x00000000d0000000, 0x00000000d7e80000, 0x00000000f0000000)
  object space 129536K, 77% used [0x00000000d0000000,0x00000000d6245e40,0x00000000d7e80000)
 PSPermGen       total 86528K, used 67899K [0x00000000c0000000, 0x00000000c5480000, 0x00000000d0000000)
  object space 86528K, 78% used [0x00000000c0000000,0x00000000c424ee08,0x00000000c5480000)
Event: 28.272 GC heap after
Heap after GC invocations=50 (full 3):
 PSYoungGen      total 221696K, used 8926K [0x00000000f0000000, 0x00000000fff00000, 0x0000000100000000)
  eden space 183808K, 0% used [0x00000000f0000000,0x00000000f0000000,0x00000000fb380000)
  from space 37888K, 23% used [0x00000000fb380000,0x00000000fbc37940,0x00000000fd880000)
  to   space 37376K, 0% used [0x00000000fda80000,0x00000000fda80000,0x00000000fff00000)
 ParOldGen       total 129536K, used 102011K [0x00000000d0000000, 0x00000000d7e80000, 0x00000000f0000000)
  object space 129536K, 78% used [0x00000000d0000000,0x00000000d639ee60,0x00000000d7e80000)
 PSPermGen       total 86528K, used 67899K [0x00000000c0000000, 0x00000000c5480000, 0x00000000d0000000)
  object space 86528K, 78% used [0x00000000c0000000,0x00000000c424ee08,0x00000000c5480000)
}

