# JRE version: Java(TM) SE Runtime Environment (7.0_40-b43) (build 1.7.0_40-b43)
# Java VM: Java HotSpot(TM) 64-Bit Server VM (24.0-b56 mixed mode linux-amd64 compressed oops)
Heap
 PSYoungGen      total 90112K, used 87329K [0x00000000f0000000, 0x00000000f6080000, 0x0000000100000000)
  eden space 81408K, 100% used [0x00000000f0000000,0x00000000f4f80000,0x00000000f4f80000)
  from space 8704K, 68% used [0x00000000f5800000,0x00000000f5dc84a0,0x00000000f6080000)
  to   space 8704K, 75% used [0x00000000f4f80000,0x00000000f55f4a28,0x00000000f5800000)
 ParOldGen       total 166400K, used 108487K [0x00000000d0000000, 0x00000000da280000, 0x00000000f0000000)
  object space 166400K, 65% used [0x00000000d0000000,0x00000000d69f1d58,0x00000000da280000)
 PSPermGen       total 120832K, used 83719K [0x00000000c0000000, 0x00000000c7600000, 0x00000000d0000000)
  object space 120832K, 69% used [0x00000000c0000000,0x00000000c51c1c90,0x00000000c7600000)
GC Heap History (10 events):
Event: 13284.456 GC heap after
Heap after GC invocations=145 (full 3):
 PSYoungGen      total 89600K, used 3126K [0x00000000f0000000, 0x00000000f6100000, 0x0000000100000000)
  eden space 79872K, 0% used [0x00000000f0000000,0x00000000f0000000,0x00000000f4e00000)
  from space 9728K, 32% used [0x00000000f5780000,0x00000000f5a8dad0,0x00000000f6100000)
  to   space 9728K, 0% used [0x00000000f4e00000,0x00000000f4e00000,0x00000000f5780000)
 ParOldGen       total 166400K, used 107937K [0x00000000d0000000, 0x00000000da280000, 0x00000000f0000000)
  object space 166400K, 64% used [0x00000000d0000000,0x00000000d6968780,0x00000000da280000)
 PSPermGen       total 120832K, used 82928K [0x00000000c0000000, 0x00000000c7600000, 0x00000000d0000000)
  object space 120832K, 68% used [0x00000000c0000000,0x00000000c50fc138,0x00000000c7600000)
}
Event: 13585.761 GC heap before
{Heap before GC invocations=146 (full 3):
 PSYoungGen      total 89600K, used 82998K [0x00000000f0000000, 0x00000000f6100000, 0x0000000100000000)
  eden space 79872K, 100% used [0x00000000f0000000,0x00000000f4e00000,0x00000000f4e00000)
  from space 9728K, 32% used [0x00000000f5780000,0x00000000f5a8dad0,0x00000000f6100000)
  to   space 9728K, 0% used [0x00000000f4e00000,0x00000000f4e00000,0x00000000f5780000)
 ParOldGen       total 166400K, used 107937K [0x00000000d0000000, 0x00000000da280000, 0x00000000f0000000)
  object space 166400K, 64% used [0x00000000d0000000,0x00000000d6968780,0x00000000da280000)
 PSPermGen       total 120832K, used 82933K [0x00000000c0000000, 0x00000000c7600000, 0x00000000d0000000)
  object space 120832K, 68% used [0x00000000c0000000,0x00000000c50fd6b8,0x00000000c7600000)
Event: 13585.775 GC heap after
Heap after GC invocations=146 (full 3):
 PSYoungGen      total 89600K, used 4784K [0x00000000f0000000, 0x00000000f6100000, 0x0000000100000000)
  eden space 79872K, 0% used [0x00000000f0000000,0x00000000f0000000,0x00000000f4e00000)
  from space 9728K, 49% used [0x00000000f4e00000,0x00000000f52ac180,0x00000000f5780000)
  to   space 9216K, 0% used [0x00000000f5800000,0x00000000f5800000,0x00000000f6100000)
 ParOldGen       total 166400K, used 107961K [0x00000000d0000000, 0x00000000da280000, 0x00000000f0000000)
  object space 166400K, 64% used [0x00000000d0000000,0x00000000d696e780,0x00000000da280000)
 PSPermGen       total 120832K, used 82933K [0x00000000c0000000, 0x00000000c7600000, 0x00000000d0000000)
  object space 120832K, 68% used [0x00000000c0000000,0x00000000c50fd6b8,0x00000000c7600000)
}
Event: 13721.504 GC heap before
{Heap before GC invocations=147 (full 3):
 PSYoungGen      total 89600K, used 84656K [0x00000000f0000000, 0x00000000f6100000, 0x0000000100000000)
  eden space 79872K, 100% used [0x00000000f0000000,0x00000000f4e00000,0x00000000f4e00000)
  from space 9728K, 49% used [0x00000000f4e00000,0x00000000f52ac180,0x00000000f5780000)
  to   space 9216K, 0% used [0x00000000f5800000,0x00000000f5800000,0x00000000f6100000)
 ParOldGen       total 166400K, used 107961K [0x00000000d0000000, 0x00000000da280000, 0x00000000f0000000)
  object space 166400K, 64% used [0x00000000d0000000,0x00000000d696e780,0x00000000da280000)
 PSPermGen       total 120832K, used 83077K [0x00000000c0000000, 0x00000000c7600000, 0x00000000d0000000)
  object space 120832K, 68% used [0x00000000c0000000,0x00000000c5121780,0x00000000c7600000)
Event: 13721.524 GC heap after
Heap after GC invocations=147 (full 3):
 PSYoungGen      total 90112K, used 5804K [0x00000000f0000000, 0x00000000f6100000, 0x0000000100000000)
  eden space 80896K, 0% used [0x00000000f0000000,0x00000000f0000000,0x00000000f4f00000)
  from space 9216K, 62% used [0x00000000f5800000,0x00000000f5dab340,0x00000000f6100000)
  to   space 9216K, 0% used [0x00000000f4f00000,0x00000000f4f00000,0x00000000f5800000)
 ParOldGen       total 166400K, used 108009K [0x00000000d0000000, 0x00000000da280000, 0x00000000f0000000)
  object space 166400K, 64% used [0x00000000d0000000,0x00000000d697a780,0x00000000da280000)
 PSPermGen       total 120832K, used 83077K [0x00000000c0000000, 0x00000000c7600000, 0x00000000d0000000)
  object space 120832K, 68% used [0x00000000c0000000,0x00000000c5121780,0x00000000c7600000)
}
Event: 14089.590 GC heap before
{Heap before GC invocations=148 (full 3):
 PSYoungGen      total 90112K, used 86700K [0x00000000f0000000, 0x00000000f6100000, 0x0000000100000000)
  eden space 80896K, 100% used [0x00000000f0000000,0x00000000f4f00000,0x00000000f4f00000)
  from space 9216K, 62% used [0x00000000f5800000,0x00000000f5dab340,0x00000000f6100000)
  to   space 9216K, 0% used [0x00000000f4f00000,0x00000000f4f00000,0x00000000f5800000)
 ParOldGen       total 166400K, used 108009K [0x00000000d0000000, 0x00000000da280000, 0x00000000f0000000)
  object space 166400K, 64% used [0x00000000d0000000,0x00000000d697a780,0x00000000da280000)
 PSPermGen       total 120832K, used 83085K [0x00000000c0000000, 0x00000000c7600000, 0x00000000d0000000)
  object space 120832K, 68% used [0x00000000c0000000,0x00000000c51234a0,0x00000000c7600000)
Event: 14089.603 GC heap after
Heap after GC invocations=148 (full 3):
 PSYoungGen      total 90112K, used 5203K [0x00000000f0000000, 0x00000000f6080000, 0x0000000100000000)
  eden space 80896K, 0% used [0x00000000f0000000,0x00000000f0000000,0x00000000f4f00000)
  from space 9216K, 56% used [0x00000000f4f00000,0x00000000f5414d98,0x00000000f5800000)
  to   space 8704K, 0% used [0x00000000f5800000,0x00000000f5800000,0x00000000f6080000)
 ParOldGen       total 166400K, used 108123K [0x00000000d0000000, 0x00000000da280000, 0x00000000f0000000)
  object space 166400K, 64% used [0x00000000d0000000,0x00000000d6996d28,0x00000000da280000)
 PSPermGen       total 120832K, used 83085K [0x00000000c0000000, 0x00000000c7600000, 0x00000000d0000000)
  object space 120832K, 68% used [0x00000000c0000000,0x00000000c51234a0,0x00000000c7600000)
}
Event: 14427.170 GC heap before
{Heap before GC invocations=149 (full 3):
 PSYoungGen      total 90112K, used 86099K [0x00000000f0000000, 0x00000000f6080000, 0x0000000100000000)
  eden space 80896K, 100% used [0x00000000f0000000,0x00000000f4f00000,0x00000000f4f00000)
  from space 9216K, 56% used [0x00000000f4f00000,0x00000000f5414d98,0x00000000f5800000)
  to   space 8704K, 0% used [0x00000000f5800000,0x00000000f5800000,0x00000000f6080000)
 ParOldGen       total 166400K, used 108123K [0x00000000d0000000, 0x00000000da280000, 0x00000000f0000000)
  object space 166400K, 64% used [0x00000000d0000000,0x00000000d6996d28,0x00000000da280000)
 PSPermGen       total 120832K, used 83097K [0x00000000c0000000, 0x00000000c7600000, 0x00000000d0000000)
  object space 120832K, 68% used [0x00000000c0000000,0x00000000c51266a8,0x00000000c7600000)
Event: 14427.189 GC heap after
Heap after GC invocations=149 (full 3):
 PSYoungGen      total 90112K, used 5921K [0x00000000f0000000, 0x00000000f6080000, 0x0000000100000000)
  eden space 81408K, 0% used [0x00000000f0000000,0x00000000f0000000,0x00000000f4f80000)
  from space 8704K, 68% used [0x00000000f5800000,0x00000000f5dc84a0,0x00000000f6080000)
  to   space 8704K, 0% used [0x00000000f4f80000,0x00000000f4f80000,0x00000000f5800000)
 ParOldGen       total 166400K, used 108287K [0x00000000d0000000, 0x00000000da280000, 0x00000000f0000000)
  object space 166400K, 65% used [0x00000000d0000000,0x00000000d69bfd38,0x00000000da280000)
 PSPermGen       total 120832K, used 83097K [0x00000000c0000000, 0x00000000c7600000, 0x00000000d0000000)
  object space 120832K, 68% used [0x00000000c0000000,0x00000000c51266a8,0x00000000c7600000)
}
Event: 14451.507 GC heap before
{Heap before GC invocations=150 (full 3):
 PSYoungGen      total 90112K, used 87329K [0x00000000f0000000, 0x00000000f6080000, 0x0000000100000000)
  eden space 81408K, 100% used [0x00000000f0000000,0x00000000f4f80000,0x00000000f4f80000)
  from space 8704K, 68% used [0x00000000f5800000,0x00000000f5dc84a0,0x00000000f6080000)
  to   space 8704K, 0% used [0x00000000f4f80000,0x00000000f4f80000,0x00000000f5800000)
 ParOldGen       total 166400K, used 108287K [0x00000000d0000000, 0x00000000da280000, 0x00000000f0000000)
  object space 166400K, 65% used [0x00000000d0000000,0x00000000d69bfd38,0x00000000da280000)
 PSPermGen       total 120832K, used 83719K [0x00000000c0000000, 0x00000000c7600000, 0x00000000d0000000)
  object space 120832K, 69% used [0x00000000c0000000,0x00000000c51c1c90,0x00000000c7600000)

