# JRE version: Java(TM) SE Runtime Environment (7.0_40-b43) (build 1.7.0_40-b43)
# Java VM: Java HotSpot(TM) 64-Bit Server VM (24.0-b56 mixed mode linux-amd64 compressed oops)
Heap
 PSYoungGen      total 231936K, used 70235K [0x00000000f0000000, 0x0000000100000000, 0x0000000100000000)
  eden space 221184K, 26% used [0x00000000f0000000,0x00000000f3a16e20,0x00000000fd800000)
  from space 10752K, 100% used [0x00000000ff580000,0x0000000100000000,0x0000000100000000)
  to   space 20480K, 0% used [0x00000000fd800000,0x00000000fd800000,0x00000000fec00000)
 ParOldGen       total 82432K, used 48672K [0x00000000d0000000, 0x00000000d5080000, 0x00000000f0000000)
  object space 82432K, 59% used [0x00000000d0000000,0x00000000d2f88090,0x00000000d5080000)
 PSPermGen       total 61952K, used 36323K [0x00000000c0000000, 0x00000000c3c80000, 0x00000000d0000000)
  object space 61952K, 58% used [0x00000000c0000000,0x00000000c2378d98,0x00000000c3c80000)
GC Heap History (10 events):
Event: 6.312 GC heap before
{Heap before GC invocations=7 (full 0):
 PSYoungGen      total 142848K, used 139104K [0x00000000f0000000, 0x00000000f9500000, 0x0000000100000000)
  eden space 134656K, 100% used [0x00000000f0000000,0x00000000f8380000,0x00000000f8380000)
  from space 8192K, 54% used [0x00000000f8c00000,0x00000000f9058040,0x00000000f9400000)
  to   space 8704K, 0% used [0x00000000f8380000,0x00000000f8380000,0x00000000f8c00000)
 ParOldGen       total 44032K, used 18105K [0x00000000d0000000, 0x00000000d2b00000, 0x00000000f0000000)
  object space 44032K, 41% used [0x00000000d0000000,0x00000000d11ae7c8,0x00000000d2b00000)
 PSPermGen       total 32768K, used 21039K [0x00000000c0000000, 0x00000000c2000000, 0x00000000d0000000)
  object space 32768K, 64% used [0x00000000c0000000,0x00000000c148bf10,0x00000000c2000000)
Event: 6.339 GC heap after
Heap after GC invocations=7 (full 0):
 PSYoungGen      total 143360K, used 6081K [0x00000000f0000000, 0x00000000fff80000, 0x0000000100000000)
  eden space 134656K, 0% used [0x00000000f0000000,0x00000000f0000000,0x00000000f8380000)
  from space 8704K, 69% used [0x00000000f8380000,0x00000000f8970468,0x00000000f8c00000)
  to   space 8192K, 0% used [0x00000000ff780000,0x00000000ff780000,0x00000000fff80000)
 ParOldGen       total 44032K, used 19350K [0x00000000d0000000, 0x00000000d2b00000, 0x00000000f0000000)
  object space 44032K, 43% used [0x00000000d0000000,0x00000000d12e5ac0,0x00000000d2b00000)
 PSPermGen       total 32768K, used 21039K [0x00000000c0000000, 0x00000000c2000000, 0x00000000d0000000)
  object space 32768K, 64% used [0x00000000c0000000,0x00000000c148bf10,0x00000000c2000000)
}
Event: 9.459 GC heap before
{Heap before GC invocations=8 (full 0):
 PSYoungGen      total 143360K, used 140737K [0x00000000f0000000, 0x00000000fff80000, 0x0000000100000000)
  eden space 134656K, 100% used [0x00000000f0000000,0x00000000f8380000,0x00000000f8380000)
  from space 8704K, 69% used [0x00000000f8380000,0x00000000f8970468,0x00000000f8c00000)
  to   space 8192K, 0% used [0x00000000ff780000,0x00000000ff780000,0x00000000fff80000)
 ParOldGen       total 44032K, used 19350K [0x00000000d0000000, 0x00000000d2b00000, 0x00000000f0000000)
  object space 44032K, 43% used [0x00000000d0000000,0x00000000d12e5ac0,0x00000000d2b00000)
 PSPermGen       total 32768K, used 24844K [0x00000000c0000000, 0x00000000c2000000, 0x00000000d0000000)
  object space 32768K, 75% used [0x00000000c0000000,0x00000000c1843248,0x00000000c2000000)
Event: 9.485 GC heap after
Heap after GC invocations=8 (full 0):
 PSYoungGen      total 248832K, used 8160K [0x00000000f0000000, 0x0000000100000000, 0x0000000100000000)
  eden space 240640K, 0% used [0x00000000f0000000,0x00000000f0000000,0x00000000feb00000)
  from space 8192K, 99% used [0x00000000ff780000,0x00000000fff78030,0x00000000fff80000)
  to   space 10752K, 0% used [0x00000000feb00000,0x00000000feb00000,0x00000000ff580000)
 ParOldGen       total 44032K, used 23807K [0x00000000d0000000, 0x00000000d2b00000, 0x00000000f0000000)
  object space 44032K, 54% used [0x00000000d0000000,0x00000000d173fc20,0x00000000d2b00000)
 PSPermGen       total 32768K, used 24844K [0x00000000c0000000, 0x00000000c2000000, 0x00000000d0000000)
  object space 32768K, 75% used [0x00000000c0000000,0x00000000c1843248,0x00000000c2000000)
}
Event: 13.421 GC heap before
{Heap before GC invocations=9 (full 0):
 PSYoungGen      total 248832K, used 248800K [0x00000000f0000000, 0x0000000100000000, 0x0000000100000000)
  eden space 240640K, 100% used [0x00000000f0000000,0x00000000feb00000,0x00000000feb00000)
  from space 8192K, 99% used [0x00000000ff780000,0x00000000fff78030,0x00000000fff80000)
  to   space 10752K, 0% used [0x00000000feb00000,0x00000000feb00000,0x00000000ff580000)
 ParOldGen       total 44032K, used 23807K [0x00000000d0000000, 0x00000000d2b00000, 0x00000000f0000000)
  object space 44032K, 54% used [0x00000000d0000000,0x00000000d173fc20,0x00000000d2b00000)
 PSPermGen       total 32768K, used 30969K [0x00000000c0000000, 0x00000000c2000000, 0x00000000d0000000)
  object space 32768K, 94% used [0x00000000c0000000,0x00000000c1e3e7c0,0x00000000c2000000)
Event: 13.477 GC heap after
Heap after GC invocations=9 (full 0):
 PSYoungGen      total 251392K, used 10736K [0x00000000f0000000, 0x0000000100000000, 0x0000000100000000)
  eden space 240640K, 0% used [0x00000000f0000000,0x00000000f0000000,0x00000000feb00000)
  from space 10752K, 99% used [0x00000000feb00000,0x00000000ff57c010,0x00000000ff580000)
  to   space 10752K, 0% used [0x00000000ff580000,0x00000000ff580000,0x0000000100000000)
 ParOldGen       total 44032K, used 40694K [0x00000000d0000000, 0x00000000d2b00000, 0x00000000f0000000)
  object space 44032K, 92% used [0x00000000d0000000,0x00000000d27bdb30,0x00000000d2b00000)
 PSPermGen       total 32768K, used 30969K [0x00000000c0000000, 0x00000000c2000000, 0x00000000d0000000)
  object space 32768K, 94% used [0x00000000c0000000,0x00000000c1e3e7c0,0x00000000c2000000)
}
Event: 13.477 GC heap before
{Heap before GC invocations=10 (full 1):
 PSYoungGen      total 251392K, used 10736K [0x00000000f0000000, 0x0000000100000000, 0x0000000100000000)
  eden space 240640K, 0% used [0x00000000f0000000,0x00000000f0000000,0x00000000feb00000)
  from space 10752K, 99% used [0x00000000feb00000,0x00000000ff57c010,0x00000000ff580000)
  to   space 10752K, 0% used [0x00000000ff580000,0x00000000ff580000,0x0000000100000000)
 ParOldGen       total 44032K, used 40694K [0x00000000d0000000, 0x00000000d2b00000, 0x00000000f0000000)
  object space 44032K, 92% used [0x00000000d0000000,0x00000000d27bdb30,0x00000000d2b00000)
 PSPermGen       total 32768K, used 30969K [0x00000000c0000000, 0x00000000c2000000, 0x00000000d0000000)
  object space 32768K, 94% used [0x00000000c0000000,0x00000000c1e3e7c0,0x00000000c2000000)
Event: 13.821 GC heap after
Heap after GC invocations=10 (full 1):
 PSYoungGen      total 251392K, used 0K [0x00000000f0000000, 0x0000000100000000, 0x0000000100000000)
  eden space 240640K, 0% used [0x00000000f0000000,0x00000000f0000000,0x00000000feb00000)
  from space 10752K, 0% used [0x00000000feb00000,0x00000000feb00000,0x00000000ff580000)
  to   space 10752K, 0% used [0x00000000ff580000,0x00000000ff580000,0x0000000100000000)
 ParOldGen       total 82432K, used 43058K [0x00000000d0000000, 0x00000000d5080000, 0x00000000f0000000)
  object space 82432K, 52% used [0x00000000d0000000,0x00000000d2a0ca80,0x00000000d5080000)
 PSPermGen       total 61952K, used 30959K [0x00000000c0000000, 0x00000000c3c80000, 0x00000000d0000000)
  object space 61952K, 49% used [0x00000000c0000000,0x00000000c1e3bec8,0x00000000c3c80000)
}
Event: 16.282 GC heap before
{Heap before GC invocations=11 (full 1):
 PSYoungGen      total 251392K, used 240640K [0x00000000f0000000, 0x0000000100000000, 0x0000000100000000)
  eden space 240640K, 100% used [0x00000000f0000000,0x00000000feb00000,0x00000000feb00000)
  from space 10752K, 0% used [0x00000000feb00000,0x00000000feb00000,0x00000000ff580000)
  to   space 10752K, 0% used [0x00000000ff580000,0x00000000ff580000,0x0000000100000000)
 ParOldGen       total 82432K, used 43058K [0x00000000d0000000, 0x00000000d5080000, 0x00000000f0000000)
  object space 82432K, 52% used [0x00000000d0000000,0x00000000d2a0ca80,0x00000000d5080000)
 PSPermGen       total 61952K, used 35416K [0x00000000c0000000, 0x00000000c3c80000, 0x00000000d0000000)
  object space 61952K, 57% used [0x00000000c0000000,0x00000000c22962c8,0x00000000c3c80000)
Event: 16.321 GC heap after
Heap after GC invocations=11 (full 1):
 PSYoungGen      total 231936K, used 10752K [0x00000000f0000000, 0x0000000100000000, 0x0000000100000000)
  eden space 221184K, 0% used [0x00000000f0000000,0x00000000f0000000,0x00000000fd800000)
  from space 10752K, 100% used [0x00000000ff580000,0x0000000100000000,0x0000000100000000)
  to   space 20480K, 0% used [0x00000000fd800000,0x00000000fd800000,0x00000000fec00000)
 ParOldGen       total 82432K, used 48672K [0x00000000d0000000, 0x00000000d5080000, 0x00000000f0000000)
  object space 82432K, 59% used [0x00000000d0000000,0x00000000d2f88090,0x00000000d5080000)
 PSPermGen       total 61952K, used 35416K [0x00000000c0000000, 0x00000000c3c80000, 0x00000000d0000000)
  object space 61952K, 57% used [0x00000000c0000000,0x00000000c22962c8,0x00000000c3c80000)
}

