# JRE version: Java(TM) SE Runtime Environment (7.0_40-b43) (build 1.7.0_40-b43)
# Java VM: Java HotSpot(TM) 64-Bit Server VM (24.0-b56 mixed mode linux-amd64 compressed oops)
Heap
 PSYoungGen      total 205312K, used 165066K [0x00000000f0000000, 0x00000000ffc80000, 0x0000000100000000)
  eden space 156160K, 97% used [0x00000000f0000000,0x00000000f9419918,0x00000000f9880000)
  from space 49152K, 27% used [0x00000000fcc80000,0x00000000fd999280,0x00000000ffc80000)
  to   space 51200K, 0% used [0x00000000f9880000,0x00000000f9880000,0x00000000fca80000)
 ParOldGen       total 117248K, used 104780K [0x00000000d0000000, 0x00000000d7280000, 0x00000000f0000000)
  object space 117248K, 89% used [0x00000000d0000000,0x00000000d6653350,0x00000000d7280000)
 PSPermGen       total 83968K, used 66432K [0x00000000c0000000, 0x00000000c5200000, 0x00000000d0000000)
  object space 83968K, 79% used [0x00000000c0000000,0x00000000c40e0350,0x00000000c5200000)
GC Heap History (10 events):
Event: 25.875 GC heap after
Heap after GC invocations=39 (full 3):
 PSYoungGen      total 215040K, used 35834K [0x00000000f0000000, 0x0000000100000000, 0x0000000100000000)
  eden space 179200K, 0% used [0x00000000f0000000,0x00000000f0000000,0x00000000faf00000)
  from space 35840K, 99% used [0x00000000fdd00000,0x00000000ffffe9c0,0x0000000100000000)
  to   space 41472K, 0% used [0x00000000faf00000,0x00000000faf00000,0x00000000fd780000)
 ParOldGen       total 117248K, used 58982K [0x00000000d0000000, 0x00000000d7280000, 0x00000000f0000000)
  object space 117248K, 50% used [0x00000000d0000000,0x00000000d39998c0,0x00000000d7280000)
 PSPermGen       total 83968K, used 58406K [0x00000000c0000000, 0x00000000c5200000, 0x00000000d0000000)
  object space 83968K, 69% used [0x00000000c0000000,0x00000000c3909ac0,0x00000000c5200000)
}
Event: 26.837 GC heap before
{Heap before GC invocations=40 (full 3):
 PSYoungGen      total 215040K, used 215034K [0x00000000f0000000, 0x0000000100000000, 0x0000000100000000)
  eden space 179200K, 100% used [0x00000000f0000000,0x00000000faf00000,0x00000000faf00000)
  from space 35840K, 99% used [0x00000000fdd00000,0x00000000ffffe9c0,0x0000000100000000)
  to   space 41472K, 0% used [0x00000000faf00000,0x00000000faf00000,0x00000000fd780000)
 ParOldGen       total 117248K, used 58982K [0x00000000d0000000, 0x00000000d7280000, 0x00000000f0000000)
  object space 117248K, 50% used [0x00000000d0000000,0x00000000d39998c0,0x00000000d7280000)
 PSPermGen       total 83968K, used 59901K [0x00000000c0000000, 0x00000000c5200000, 0x00000000d0000000)
  object space 83968K, 71% used [0x00000000c0000000,0x00000000c3a7f790,0x00000000c5200000)
Event: 26.907 GC heap after
Heap after GC invocations=40 (full 3):
 PSYoungGen      total 220672K, used 41452K [0x00000000f0000000, 0x0000000100000000, 0x0000000100000000)
  eden space 179200K, 0% used [0x00000000f0000000,0x00000000f0000000,0x00000000faf00000)
  from space 41472K, 99% used [0x00000000faf00000,0x00000000fd77b170,0x00000000fd780000)
  to   space 41472K, 0% used [0x00000000fd780000,0x00000000fd780000,0x0000000100000000)
 ParOldGen       total 117248K, used 59467K [0x00000000d0000000, 0x00000000d7280000, 0x00000000f0000000)
  object space 117248K, 50% used [0x00000000d0000000,0x00000000d3a12d58,0x00000000d7280000)
 PSPermGen       total 83968K, used 59901K [0x00000000c0000000, 0x00000000c5200000, 0x00000000d0000000)
  object space 83968K, 71% used [0x00000000c0000000,0x00000000c3a7f790,0x00000000c5200000)
}
Event: 27.552 GC heap before
{Heap before GC invocations=41 (full 3):
 PSYoungGen      total 220672K, used 219185K [0x00000000f0000000, 0x0000000100000000, 0x0000000100000000)
  eden space 179200K, 99% used [0x00000000f0000000,0x00000000fad915e8,0x00000000faf00000)
  from space 41472K, 99% used [0x00000000faf00000,0x00000000fd77b170,0x00000000fd780000)
  to   space 41472K, 0% used [0x00000000fd780000,0x00000000fd780000,0x0000000100000000)
 ParOldGen       total 117248K, used 59467K [0x00000000d0000000, 0x00000000d7280000, 0x00000000f0000000)
  object space 117248K, 50% used [0x00000000d0000000,0x00000000d3a12d58,0x00000000d7280000)
 PSPermGen       total 83968K, used 61807K [0x00000000c0000000, 0x00000000c5200000, 0x00000000d0000000)
  object space 83968K, 73% used [0x00000000c0000000,0x00000000c3c5bc70,0x00000000c5200000)
Event: 27.623 GC heap after
Heap after GC invocations=41 (full 3):
 PSYoungGen      total 197120K, used 40353K [0x00000000f0000000, 0x0000000100000000, 0x0000000100000000)
  eden space 155648K, 0% used [0x00000000f0000000,0x00000000f0000000,0x00000000f9800000)
  from space 41472K, 97% used [0x00000000fd780000,0x00000000ffee85f0,0x0000000100000000)
  to   space 53248K, 0% used [0x00000000f9800000,0x00000000f9800000,0x00000000fcc00000)
 ParOldGen       total 117248K, used 64434K [0x00000000d0000000, 0x00000000d7280000, 0x00000000f0000000)
  object space 117248K, 54% used [0x00000000d0000000,0x00000000d3eec8d8,0x00000000d7280000)
 PSPermGen       total 83968K, used 61807K [0x00000000c0000000, 0x00000000c5200000, 0x00000000d0000000)
  object space 83968K, 73% used [0x00000000c0000000,0x00000000c3c5bc70,0x00000000c5200000)
}
Event: 27.963 GC heap before
{Heap before GC invocations=42 (full 3):
 PSYoungGen      total 197120K, used 196001K [0x00000000f0000000, 0x0000000100000000, 0x0000000100000000)
  eden space 155648K, 100% used [0x00000000f0000000,0x00000000f9800000,0x00000000f9800000)
  from space 41472K, 97% used [0x00000000fd780000,0x00000000ffee85f0,0x0000000100000000)
  to   space 53248K, 0% used [0x00000000f9800000,0x00000000f9800000,0x00000000fcc00000)
 ParOldGen       total 117248K, used 64434K [0x00000000d0000000, 0x00000000d7280000, 0x00000000f0000000)
  object space 117248K, 54% used [0x00000000d0000000,0x00000000d3eec8d8,0x00000000d7280000)
 PSPermGen       total 83968K, used 63106K [0x00000000c0000000, 0x00000000c5200000, 0x00000000d0000000)
  object space 83968K, 75% used [0x00000000c0000000,0x00000000c3da0b38,0x00000000c5200000)
Event: 28.017 GC heap after
Heap after GC invocations=42 (full 3):
 PSYoungGen      total 208896K, used 28861K [0x00000000f0000000, 0x0000000100000000, 0x0000000100000000)
  eden space 155648K, 0% used [0x00000000f0000000,0x00000000f0000000,0x00000000f9800000)
  from space 53248K, 54% used [0x00000000f9800000,0x00000000fb42f490,0x00000000fcc00000)
  to   space 52736K, 0% used [0x00000000fcc80000,0x00000000fcc80000,0x0000000100000000)
 ParOldGen       total 117248K, used 76573K [0x00000000d0000000, 0x00000000d7280000, 0x00000000f0000000)
  object space 117248K, 65% used [0x00000000d0000000,0x00000000d4ac7440,0x00000000d7280000)
 PSPermGen       total 83968K, used 63106K [0x00000000c0000000, 0x00000000c5200000, 0x00000000d0000000)
  object space 83968K, 75% used [0x00000000c0000000,0x00000000c3da0b38,0x00000000c5200000)
}
Event: 28.705 GC heap before
{Heap before GC invocations=43 (full 3):
 PSYoungGen      total 208896K, used 176457K [0x00000000f0000000, 0x0000000100000000, 0x0000000100000000)
  eden space 155648K, 94% used [0x00000000f0000000,0x00000000f90232c0,0x00000000f9800000)
  from space 53248K, 54% used [0x00000000f9800000,0x00000000fb42f490,0x00000000fcc00000)
  to   space 52736K, 0% used [0x00000000fcc80000,0x00000000fcc80000,0x0000000100000000)
 ParOldGen       total 117248K, used 76573K [0x00000000d0000000, 0x00000000d7280000, 0x00000000f0000000)
  object space 117248K, 65% used [0x00000000d0000000,0x00000000d4ac7440,0x00000000d7280000)
 PSPermGen       total 83968K, used 64957K [0x00000000c0000000, 0x00000000c5200000, 0x00000000d0000000)
  object space 83968K, 77% used [0x00000000c0000000,0x00000000c3f6f548,0x00000000c5200000)
Event: 28.750 GC heap after
Heap after GC invocations=43 (full 3):
 PSYoungGen      total 205312K, used 13412K [0x00000000f0000000, 0x00000000ffc80000, 0x0000000100000000)
  eden space 156160K, 0% used [0x00000000f0000000,0x00000000f0000000,0x00000000f9880000)
  from space 49152K, 27% used [0x00000000fcc80000,0x00000000fd999280,0x00000000ffc80000)
  to   space 51200K, 0% used [0x00000000f9880000,0x00000000f9880000,0x00000000fca80000)
 ParOldGen       total 117248K, used 95015K [0x00000000d0000000, 0x00000000d7280000, 0x00000000f0000000)
  object space 117248K, 81% used [0x00000000d0000000,0x00000000d5cc9cc0,0x00000000d7280000)
 PSPermGen       total 83968K, used 64957K [0x00000000c0000000, 0x00000000c5200000, 0x00000000d0000000)
  object space 83968K, 77% used [0x00000000c0000000,0x00000000c3f6f548,0x00000000c5200000)
}
Event: 29.199 GC heap before
{Heap before GC invocations=44 (full 4):
 PSYoungGen      total 205312K, used 165066K [0x00000000f0000000, 0x00000000ffc80000, 0x0000000100000000)
  eden space 156160K, 97% used [0x00000000f0000000,0x00000000f9419918,0x00000000f9880000)
  from space 49152K, 27% used [0x00000000fcc80000,0x00000000fd999280,0x00000000ffc80000)
  to   space 51200K, 0% used [0x00000000f9880000,0x00000000f9880000,0x00000000fca80000)
 ParOldGen       total 117248K, used 104780K [0x00000000d0000000, 0x00000000d7280000, 0x00000000f0000000)
  object space 117248K, 89% used [0x00000000d0000000,0x00000000d6653350,0x00000000d7280000)
 PSPermGen       total 83968K, used 66432K [0x00000000c0000000, 0x00000000c5200000, 0x00000000d0000000)
  object space 83968K, 79% used [0x00000000c0000000,0x00000000c40e0350,0x00000000c5200000)

